<?xml version="1.0" encoding="UTF-8"?>
<coverage generated="1702269327731" clover="3.2.0">
  <project timestamp="1702269327731" name="All files">
    <metrics statements="518" coveredstatements="455" conditionals="757" coveredconditionals="462" methods="168" coveredmethods="142" elements="1443" coveredelements="1059" complexity="0" loc="518" ncloc="518" packages="1" files="9" classes="9"/>
    <file name="AthenaQuery.js" path="C:\Users\wyj12\OneDrive\桌面\IDEMIA_AWS_Assignment\aws-backend\lambda-functions\AthenaQuery.js">
      <metrics statements="49" coveredstatements="45" conditionals="78" coveredconditionals="50" methods="17" coveredmethods="15"/>
      <line num="1" count="2" type="cond" truecount="2" falsecount="1"/>
      <line num="2" count="4" type="cond" truecount="1" falsecount="1"/>
      <line num="3" count="4" type="cond" truecount="2" falsecount="0"/>
      <line num="4" count="2" type="stmt"/>
      <line num="5" count="2" type="stmt"/>
      <line num="6" count="6" type="cond" truecount="2" falsecount="0"/>
      <line num="7" count="4" type="cond" truecount="2" falsecount="0"/>
      <line num="10" count="2" type="cond" truecount="2" falsecount="1"/>
      <line num="11" count="6" type="cond" truecount="2" falsecount="0"/>
      <line num="12" count="4" type="cond" truecount="2" falsecount="0"/>
      <line num="13" count="12" type="stmt"/>
      <line num="15" count="8" type="cond" truecount="1" falsecount="1"/>
      <line num="16" count="22" type="cond" truecount="3" falsecount="1"/>
      <line num="17" count="22" type="cond" truecount="2" falsecount="11"/>
      <line num="18" count="22" type="cond" truecount="1" falsecount="1"/>
      <line num="19" count="22" type="cond" truecount="4" falsecount="2"/>
      <line num="20" count="8" type="stmt"/>
      <line num="21" count="4" type="stmt"/>
      <line num="22" count="0" type="stmt"/>
      <line num="23" count="0" type="stmt"/>
      <line num="25" count="10" type="cond" truecount="7" falsecount="0"/>
      <line num="26" count="6" type="cond" truecount="2" falsecount="4"/>
      <line num="27" count="6" type="cond" truecount="4" falsecount="0"/>
      <line num="28" count="4" type="cond" truecount="3" falsecount="1"/>
      <line num="29" count="4" type="cond" truecount="1" falsecount="1"/>
      <line num="30" count="4" type="stmt"/>
      <line num="32" count="10" type="stmt"/>
      <line num="33" count="22" type="stmt"/>
      <line num="34" count="4" type="cond" truecount="3" falsecount="1"/>
      <line num="39" count="6" type="stmt"/>
      <line num="40" count="6" type="cond" truecount="1" falsecount="1"/>
      <line num="41" count="0" type="stmt"/>
      <line num="43" count="6" type="stmt"/>
      <line num="45" count="2" type="stmt"/>
      <line num="46" count="2" type="stmt"/>
      <line num="47" count="2" type="stmt"/>
      <line num="48" count="4" type="stmt"/>
      <line num="50" count="4" type="stmt"/>
      <line num="51" count="10" type="cond" truecount="3" falsecount="1"/>
      <line num="53" count="4" type="stmt"/>
      <line num="54" count="4" type="stmt"/>
      <line num="55" count="4" type="stmt"/>
      <line num="62" count="4" type="stmt"/>
      <line num="64" count="4" type="stmt"/>
      <line num="65" count="2" type="stmt"/>
      <line num="70" count="2" type="stmt"/>
      <line num="71" count="2" type="stmt"/>
      <line num="72" count="2" type="stmt"/>
      <line num="73" count="0" type="stmt"/>
    </file>
    <file name="AthenaQueryAll.js" path="C:\Users\wyj12\OneDrive\桌面\IDEMIA_AWS_Assignment\aws-backend\lambda-functions\AthenaQueryAll.js">
      <metrics statements="51" coveredstatements="46" conditionals="78" coveredconditionals="45" methods="17" coveredmethods="15"/>
      <line num="1" count="2" type="cond" truecount="2" falsecount="1"/>
      <line num="2" count="4" type="cond" truecount="1" falsecount="1"/>
      <line num="3" count="4" type="cond" truecount="2" falsecount="0"/>
      <line num="4" count="4" type="stmt"/>
      <line num="5" count="0" type="stmt"/>
      <line num="6" count="4" type="cond" truecount="1" falsecount="1"/>
      <line num="7" count="4" type="cond" truecount="2" falsecount="0"/>
      <line num="10" count="2" type="cond" truecount="2" falsecount="1"/>
      <line num="11" count="8" type="cond" truecount="1" falsecount="1"/>
      <line num="12" count="4" type="cond" truecount="2" falsecount="0"/>
      <line num="13" count="12" type="stmt"/>
      <line num="15" count="8" type="cond" truecount="1" falsecount="1"/>
      <line num="16" count="24" type="cond" truecount="3" falsecount="1"/>
      <line num="17" count="24" type="cond" truecount="2" falsecount="11"/>
      <line num="18" count="24" type="cond" truecount="1" falsecount="1"/>
      <line num="19" count="24" type="cond" truecount="4" falsecount="2"/>
      <line num="20" count="8" type="stmt"/>
      <line num="21" count="4" type="stmt"/>
      <line num="22" count="0" type="stmt"/>
      <line num="23" count="0" type="stmt"/>
      <line num="25" count="12" type="cond" truecount="6" falsecount="1"/>
      <line num="26" count="8" type="cond" truecount="2" falsecount="4"/>
      <line num="27" count="8" type="cond" truecount="4" falsecount="0"/>
      <line num="28" count="4" type="cond" truecount="3" falsecount="1"/>
      <line num="29" count="4" type="cond" truecount="1" falsecount="1"/>
      <line num="30" count="4" type="stmt"/>
      <line num="32" count="12" type="stmt"/>
      <line num="33" count="24" type="stmt"/>
      <line num="34" count="4" type="cond" truecount="1" falsecount="3"/>
      <line num="39" count="8" type="stmt"/>
      <line num="40" count="8" type="cond" truecount="1" falsecount="1"/>
      <line num="41" count="0" type="stmt"/>
      <line num="43" count="8" type="stmt"/>
      <line num="45" count="2" type="stmt"/>
      <line num="46" count="2" type="stmt"/>
      <line num="47" count="2" type="stmt"/>
      <line num="48" count="2" type="stmt"/>
      <line num="49" count="2" type="stmt"/>
      <line num="50" count="4" type="stmt"/>
      <line num="52" count="4" type="stmt"/>
      <line num="53" count="12" type="cond" truecount="3" falsecount="1"/>
      <line num="55" count="4" type="stmt"/>
      <line num="56" count="4" type="stmt"/>
      <line num="57" count="4" type="stmt"/>
      <line num="62" count="4" type="stmt"/>
      <line num="64" count="4" type="stmt"/>
      <line num="65" count="4" type="stmt"/>
      <line num="69" count="4" type="stmt"/>
      <line num="70" count="4" type="stmt"/>
      <line num="71" count="4" type="stmt"/>
      <line num="72" count="0" type="stmt"/>
    </file>
    <file name="AwaitQueryEnds.js" path="C:\Users\wyj12\OneDrive\桌面\IDEMIA_AWS_Assignment\aws-backend\lambda-functions\AwaitQueryEnds.js">
      <metrics statements="61" coveredstatements="50" conditionals="90" coveredconditionals="60" methods="21" coveredmethods="16"/>
      <line num="2" count="2" type="cond" truecount="2" falsecount="1"/>
      <line num="3" count="8" type="cond" truecount="1" falsecount="1"/>
      <line num="4" count="8" type="cond" truecount="2" falsecount="0"/>
      <line num="5" count="8" type="stmt"/>
      <line num="6" count="0" type="stmt"/>
      <line num="7" count="16" type="cond" truecount="2" falsecount="0"/>
      <line num="8" count="8" type="cond" truecount="2" falsecount="0"/>
      <line num="11" count="2" type="cond" truecount="2" falsecount="1"/>
      <line num="12" count="8" type="cond" truecount="1" falsecount="1"/>
      <line num="13" count="8" type="cond" truecount="2" falsecount="0"/>
      <line num="14" count="24" type="stmt"/>
      <line num="16" count="16" type="cond" truecount="1" falsecount="1"/>
      <line num="17" count="48" type="cond" truecount="3" falsecount="1"/>
      <line num="18" count="48" type="cond" truecount="2" falsecount="11"/>
      <line num="19" count="48" type="cond" truecount="1" falsecount="1"/>
      <line num="20" count="48" type="cond" truecount="4" falsecount="2"/>
      <line num="21" count="16" type="stmt"/>
      <line num="22" count="8" type="stmt"/>
      <line num="23" count="0" type="stmt"/>
      <line num="24" count="0" type="stmt"/>
      <line num="26" count="24" type="cond" truecount="7" falsecount="0"/>
      <line num="27" count="16" type="cond" truecount="6" falsecount="0"/>
      <line num="28" count="4" type="cond" truecount="2" falsecount="2"/>
      <line num="29" count="4" type="cond" truecount="3" falsecount="1"/>
      <line num="30" count="4" type="cond" truecount="1" falsecount="1"/>
      <line num="31" count="4" type="stmt"/>
      <line num="33" count="28" type="stmt"/>
      <line num="34" count="48" type="stmt"/>
      <line num="35" count="8" type="cond" truecount="2" falsecount="2"/>
      <line num="38" count="2" type="stmt"/>
      <line num="39" count="4" type="stmt"/>
      <line num="41" count="4" type="stmt"/>
      <line num="42" count="8" type="cond" truecount="2" falsecount="0"/>
      <line num="44" count="4" type="stmt"/>
      <line num="45" count="4" type="stmt"/>
      <line num="47" count="4" type="stmt"/>
      <line num="48" count="4" type="stmt"/>
      <line num="52" count="2" type="stmt"/>
      <line num="53" count="4" type="stmt"/>
      <line num="55" count="4" type="stmt"/>
      <line num="56" count="20" type="cond" truecount="5" falsecount="3"/>
      <line num="58" count="4" type="stmt"/>
      <line num="59" count="4" type="stmt"/>
      <line num="60" count="4" type="stmt"/>
      <line num="61" count="4" type="stmt"/>
      <line num="63" count="8" type="cond" truecount="4" falsecount="0"/>
      <line num="64" count="4" type="stmt"/>
      <line num="66" count="4" type="stmt"/>
      <line num="67" count="4" type="cond" truecount="1" falsecount="1"/>
      <line num="68" count="0" type="stmt"/>
      <line num="70" count="0" type="stmt"/>
      <line num="71" count="0" type="stmt"/>
      <line num="72" count="4" type="stmt"/>
      <line num="74" count="4" type="cond" truecount="2" falsecount="0"/>
      <line num="75" count="2" type="stmt"/>
      <line num="81" count="2" type="stmt"/>
      <line num="86" count="0" type="stmt"/>
      <line num="88" count="0" type="stmt"/>
      <line num="89" count="0" type="stmt"/>
      <line num="90" count="0" type="stmt"/>
      <line num="94" count="0" type="stmt"/>
    </file>
    <file name="FetchResult.js" path="C:\Users\wyj12\OneDrive\桌面\IDEMIA_AWS_Assignment\aws-backend\lambda-functions\FetchResult.js">
      <metrics statements="48" coveredstatements="45" conditionals="78" coveredconditionals="51" methods="19" coveredmethods="17"/>
      <line num="2" count="2" type="cond" truecount="2" falsecount="1"/>
      <line num="3" count="8" type="cond" truecount="1" falsecount="1"/>
      <line num="4" count="8" type="cond" truecount="2" falsecount="0"/>
      <line num="5" count="4" type="stmt"/>
      <line num="6" count="4" type="stmt"/>
      <line num="7" count="14" type="cond" truecount="2" falsecount="0"/>
      <line num="8" count="8" type="cond" truecount="2" falsecount="0"/>
      <line num="11" count="2" type="cond" truecount="2" falsecount="1"/>
      <line num="12" count="10" type="cond" truecount="2" falsecount="0"/>
      <line num="13" count="8" type="cond" truecount="2" falsecount="0"/>
      <line num="14" count="24" type="stmt"/>
      <line num="16" count="16" type="cond" truecount="1" falsecount="1"/>
      <line num="17" count="38" type="cond" truecount="3" falsecount="1"/>
      <line num="18" count="38" type="cond" truecount="2" falsecount="11"/>
      <line num="19" count="38" type="cond" truecount="1" falsecount="1"/>
      <line num="20" count="38" type="cond" truecount="4" falsecount="2"/>
      <line num="21" count="16" type="stmt"/>
      <line num="22" count="8" type="stmt"/>
      <line num="23" count="0" type="stmt"/>
      <line num="24" count="0" type="stmt"/>
      <line num="26" count="14" type="cond" truecount="7" falsecount="0"/>
      <line num="27" count="6" type="cond" truecount="2" falsecount="4"/>
      <line num="28" count="6" type="cond" truecount="4" falsecount="0"/>
      <line num="29" count="4" type="cond" truecount="3" falsecount="1"/>
      <line num="30" count="4" type="cond" truecount="1" falsecount="1"/>
      <line num="31" count="4" type="stmt"/>
      <line num="33" count="18" type="stmt"/>
      <line num="34" count="38" type="stmt"/>
      <line num="35" count="8" type="cond" truecount="3" falsecount="1"/>
      <line num="38" count="2" type="stmt"/>
      <line num="39" count="4" type="stmt"/>
      <line num="41" count="4" type="stmt"/>
      <line num="42" count="8" type="cond" truecount="2" falsecount="0"/>
      <line num="44" count="4" type="stmt"/>
      <line num="45" count="4" type="stmt"/>
      <line num="46" count="4" type="stmt"/>
      <line num="50" count="4" type="stmt"/>
      <line num="52" count="4" type="stmt"/>
      <line num="53" count="10" type="cond" truecount="3" falsecount="1"/>
      <line num="55" count="4" type="stmt"/>
      <line num="56" count="4" type="stmt"/>
      <line num="57" count="4" type="stmt"/>
      <line num="59" count="4" type="stmt"/>
      <line num="60" count="2" type="stmt"/>
      <line num="65" count="2" type="stmt"/>
      <line num="66" count="2" type="stmt"/>
      <line num="67" count="2" type="stmt"/>
      <line num="71" count="0" type="stmt"/>
    </file>
    <file name="ParseOutput.js" path="C:\Users\wyj12\OneDrive\桌面\IDEMIA_AWS_Assignment\aws-backend\lambda-functions\ParseOutput.js">
      <metrics statements="54" coveredstatements="40" conditionals="85" coveredconditionals="40" methods="20" coveredmethods="14"/>
      <line num="1" count="2" type="cond" truecount="2" falsecount="1"/>
      <line num="2" count="0" type="cond" truecount="0" falsecount="2"/>
      <line num="3" count="8" type="cond" truecount="2" falsecount="0"/>
      <line num="4" count="0" type="stmt"/>
      <line num="5" count="0" type="stmt"/>
      <line num="6" count="8" type="cond" truecount="1" falsecount="1"/>
      <line num="7" count="8" type="cond" truecount="2" falsecount="0"/>
      <line num="10" count="2" type="cond" truecount="2" falsecount="1"/>
      <line num="11" count="8" type="cond" truecount="0" falsecount="2"/>
      <line num="12" count="8" type="cond" truecount="2" falsecount="0"/>
      <line num="13" count="24" type="stmt"/>
      <line num="15" count="8" type="cond" truecount="1" falsecount="1"/>
      <line num="16" count="16" type="cond" truecount="3" falsecount="1"/>
      <line num="17" count="16" type="cond" truecount="2" falsecount="11"/>
      <line num="18" count="16" type="cond" truecount="1" falsecount="1"/>
      <line num="19" count="16" type="cond" truecount="3" falsecount="3"/>
      <line num="20" count="8" type="stmt"/>
      <line num="21" count="0" type="stmt"/>
      <line num="22" count="0" type="stmt"/>
      <line num="23" count="0" type="stmt"/>
      <line num="25" count="8" type="cond" truecount="5" falsecount="2"/>
      <line num="26" count="0" type="cond" truecount="0" falsecount="6"/>
      <line num="27" count="0" type="cond" truecount="0" falsecount="4"/>
      <line num="28" count="0" type="cond" truecount="0" falsecount="4"/>
      <line num="29" count="0" type="cond" truecount="0" falsecount="2"/>
      <line num="30" count="0" type="stmt"/>
      <line num="32" count="8" type="stmt"/>
      <line num="33" count="16" type="stmt"/>
      <line num="34" count="8" type="cond" truecount="2" falsecount="2"/>
      <line num="37" count="2" type="stmt"/>
      <line num="38" count="8" type="cond" truecount="2" falsecount="0"/>
      <line num="39" count="4" type="stmt"/>
      <line num="41" count="4" type="cond" truecount="5" falsecount="0"/>
      <line num="42" count="2" type="stmt"/>
      <line num="44" count="2" type="stmt"/>
      <line num="46" count="8" type="stmt"/>
      <line num="48" count="8" type="stmt"/>
      <line num="49" count="8" type="stmt"/>
      <line num="50" count="8" type="stmt"/>
      <line num="51" count="8" type="cond" truecount="2" falsecount="0"/>
      <line num="52" count="4" type="stmt"/>
      <line num="57" count="4" type="stmt"/>
      <line num="58" count="8" type="cond" truecount="1" falsecount="1"/>
      <line num="59" count="4" type="stmt"/>
      <line num="60" count="4" type="stmt"/>
      <line num="61" count="4" type="stmt"/>
      <line num="62" count="8" type="stmt"/>
      <line num="63" count="8" type="cond" truecount="2" falsecount="0"/>
      <line num="64" count="8" type="stmt"/>
      <line num="66" count="4" type="stmt"/>
      <line num="68" count="4" type="stmt"/>
      <line num="74" count="0" type="stmt"/>
      <line num="75" count="0" type="stmt"/>
      <line num="80" count="0" type="stmt"/>
    </file>
    <file name="PrepareCreateStatement.js" path="C:\Users\wyj12\OneDrive\桌面\IDEMIA_AWS_Assignment\aws-backend\lambda-functions\PrepareCreateStatement.js">
      <metrics statements="59" coveredstatements="54" conditionals="82" coveredconditionals="51" methods="19" coveredmethods="16"/>
      <line num="1" count="2" type="cond" truecount="2" falsecount="1"/>
      <line num="2" count="4" type="cond" truecount="1" falsecount="1"/>
      <line num="3" count="8" type="cond" truecount="2" falsecount="0"/>
      <line num="4" count="4" type="stmt"/>
      <line num="5" count="0" type="stmt"/>
      <line num="6" count="12" type="cond" truecount="2" falsecount="0"/>
      <line num="7" count="8" type="cond" truecount="2" falsecount="0"/>
      <line num="10" count="2" type="cond" truecount="2" falsecount="1"/>
      <line num="11" count="8" type="cond" truecount="1" falsecount="1"/>
      <line num="12" count="8" type="cond" truecount="2" falsecount="0"/>
      <line num="13" count="24" type="stmt"/>
      <line num="15" count="12" type="cond" truecount="1" falsecount="1"/>
      <line num="16" count="34" type="cond" truecount="3" falsecount="1"/>
      <line num="17" count="34" type="cond" truecount="2" falsecount="11"/>
      <line num="18" count="34" type="cond" truecount="1" falsecount="1"/>
      <line num="19" count="34" type="cond" truecount="4" falsecount="2"/>
      <line num="20" count="12" type="stmt"/>
      <line num="21" count="4" type="stmt"/>
      <line num="22" count="0" type="stmt"/>
      <line num="23" count="0" type="stmt"/>
      <line num="25" count="18" type="cond" truecount="7" falsecount="0"/>
      <line num="26" count="10" type="cond" truecount="2" falsecount="4"/>
      <line num="27" count="10" type="cond" truecount="4" falsecount="0"/>
      <line num="28" count="8" type="cond" truecount="3" falsecount="1"/>
      <line num="29" count="8" type="cond" truecount="1" falsecount="1"/>
      <line num="30" count="8" type="stmt"/>
      <line num="32" count="14" type="stmt"/>
      <line num="33" count="34" type="stmt"/>
      <line num="34" count="8" type="cond" truecount="2" falsecount="2"/>
      <line num="39" count="8" type="stmt"/>
      <line num="40" count="8" type="cond" truecount="1" falsecount="1"/>
      <line num="41" count="0" type="stmt"/>
      <line num="43" count="8" type="stmt"/>
      <line num="45" count="2" type="stmt"/>
      <line num="46" count="2" type="stmt"/>
      <line num="47" count="2" type="stmt"/>
      <line num="48" count="2" type="stmt"/>
      <line num="49" count="2" type="stmt"/>
      <line num="55" count="8" type="stmt"/>
      <line num="57" count="8" type="stmt"/>
      <line num="58" count="14" type="cond" truecount="3" falsecount="1"/>
      <line num="60" count="8" type="stmt"/>
      <line num="61" count="8" type="cond" truecount="2" falsecount="0"/>
      <line num="62" count="2" type="stmt"/>
      <line num="63" count="6" type="stmt"/>
      <line num="64" count="4" type="stmt"/>
      <line num="65" count="4" type="stmt"/>
      <line num="66" count="8" type="cond" truecount="1" falsecount="1"/>
      <line num="67" count="8" type="stmt"/>
      <line num="68" count="4" type="stmt"/>
      <line num="69" count="4" type="stmt"/>
      <line num="74" count="4" type="stmt"/>
      <line num="75" count="4" type="stmt"/>
      <line num="77" count="4" type="stmt"/>
      <line num="78" count="4" type="stmt"/>
      <line num="80" count="2" type="stmt"/>
      <line num="81" count="2" type="stmt"/>
      <line num="82" count="2" type="stmt"/>
      <line num="83" count="0" type="stmt"/>
    </file>
    <file name="PrepareDeleteStatement.js" path="C:\Users\wyj12\OneDrive\桌面\IDEMIA_AWS_Assignment\aws-backend\lambda-functions\PrepareDeleteStatement.js">
      <metrics statements="63" coveredstatements="56" conditionals="86" coveredconditionals="53" methods="18" coveredmethods="16"/>
      <line num="1" count="2" type="cond" truecount="2" falsecount="1"/>
      <line num="2" count="6" type="cond" truecount="1" falsecount="1"/>
      <line num="3" count="6" type="cond" truecount="2" falsecount="0"/>
      <line num="4" count="4" type="stmt"/>
      <line num="5" count="2" type="stmt"/>
      <line num="6" count="12" type="cond" truecount="2" falsecount="0"/>
      <line num="7" count="6" type="cond" truecount="2" falsecount="0"/>
      <line num="10" count="2" type="cond" truecount="2" falsecount="1"/>
      <line num="11" count="8" type="cond" truecount="2" falsecount="0"/>
      <line num="12" count="6" type="cond" truecount="2" falsecount="0"/>
      <line num="13" count="18" type="stmt"/>
      <line num="15" count="12" type="cond" truecount="1" falsecount="1"/>
      <line num="16" count="32" type="cond" truecount="3" falsecount="1"/>
      <line num="17" count="32" type="cond" truecount="2" falsecount="11"/>
      <line num="18" count="32" type="cond" truecount="1" falsecount="1"/>
      <line num="19" count="32" type="cond" truecount="4" falsecount="2"/>
      <line num="20" count="12" type="stmt"/>
      <line num="21" count="6" type="stmt"/>
      <line num="22" count="0" type="stmt"/>
      <line num="23" count="0" type="stmt"/>
      <line num="25" count="14" type="cond" truecount="7" falsecount="0"/>
      <line num="26" count="8" type="cond" truecount="2" falsecount="4"/>
      <line num="27" count="8" type="cond" truecount="4" falsecount="0"/>
      <line num="28" count="6" type="cond" truecount="3" falsecount="1"/>
      <line num="29" count="6" type="cond" truecount="1" falsecount="1"/>
      <line num="30" count="6" type="stmt"/>
      <line num="32" count="14" type="stmt"/>
      <line num="33" count="32" type="stmt"/>
      <line num="34" count="6" type="cond" truecount="2" falsecount="2"/>
      <line num="39" count="8" type="stmt"/>
      <line num="40" count="8" type="cond" truecount="1" falsecount="1"/>
      <line num="41" count="0" type="stmt"/>
      <line num="43" count="8" type="stmt"/>
      <line num="45" count="2" type="stmt"/>
      <line num="46" count="2" type="stmt"/>
      <line num="47" count="2" type="stmt"/>
      <line num="48" count="2" type="stmt"/>
      <line num="49" count="2" type="stmt"/>
      <line num="56" count="6" type="stmt"/>
      <line num="58" count="6" type="stmt"/>
      <line num="59" count="14" type="cond" truecount="3" falsecount="1"/>
      <line num="61" count="6" type="stmt"/>
      <line num="62" count="6" type="stmt"/>
      <line num="63" count="6" type="stmt"/>
      <line num="64" count="6" type="stmt"/>
      <line num="65" count="10" type="stmt"/>
      <line num="66" count="10" type="cond" truecount="1" falsecount="1"/>
      <line num="67" count="0" type="stmt"/>
      <line num="69" count="10" type="cond" truecount="1" falsecount="1"/>
      <line num="70" count="0" type="stmt"/>
      <line num="72" count="10" type="cond" truecount="1" falsecount="1"/>
      <line num="73" count="0" type="stmt"/>
      <line num="75" count="10" type="cond" truecount="1" falsecount="1"/>
      <line num="76" count="10" type="stmt"/>
      <line num="79" count="6" type="stmt"/>
      <line num="80" count="6" type="stmt"/>
      <line num="85" count="6" type="stmt"/>
      <line num="86" count="6" type="stmt"/>
      <line num="88" count="6" type="stmt"/>
      <line num="89" count="4" type="stmt"/>
      <line num="91" count="2" type="stmt"/>
      <line num="92" count="2" type="stmt"/>
      <line num="93" count="0" type="stmt"/>
    </file>
    <file name="PrepareSearchStatement.js" path="C:\Users\wyj12\OneDrive\桌面\IDEMIA_AWS_Assignment\aws-backend\lambda-functions\PrepareSearchStatement.js">
      <metrics statements="63" coveredstatements="56" conditionals="88" coveredconditionals="54" methods="18" coveredmethods="16"/>
      <line num="1" count="2" type="cond" truecount="2" falsecount="1"/>
      <line num="2" count="4" type="cond" truecount="1" falsecount="1"/>
      <line num="3" count="4" type="cond" truecount="2" falsecount="0"/>
      <line num="4" count="2" type="stmt"/>
      <line num="5" count="2" type="stmt"/>
      <line num="6" count="8" type="cond" truecount="2" falsecount="0"/>
      <line num="7" count="4" type="cond" truecount="2" falsecount="0"/>
      <line num="10" count="2" type="cond" truecount="2" falsecount="1"/>
      <line num="11" count="6" type="cond" truecount="2" falsecount="0"/>
      <line num="12" count="4" type="cond" truecount="2" falsecount="0"/>
      <line num="13" count="12" type="stmt"/>
      <line num="15" count="8" type="cond" truecount="1" falsecount="1"/>
      <line num="16" count="22" type="cond" truecount="3" falsecount="1"/>
      <line num="17" count="22" type="cond" truecount="2" falsecount="11"/>
      <line num="18" count="22" type="cond" truecount="1" falsecount="1"/>
      <line num="19" count="22" type="cond" truecount="4" falsecount="2"/>
      <line num="20" count="8" type="stmt"/>
      <line num="21" count="4" type="stmt"/>
      <line num="22" count="0" type="stmt"/>
      <line num="23" count="0" type="stmt"/>
      <line num="25" count="10" type="cond" truecount="7" falsecount="0"/>
      <line num="26" count="6" type="cond" truecount="2" falsecount="4"/>
      <line num="27" count="6" type="cond" truecount="4" falsecount="0"/>
      <line num="28" count="4" type="cond" truecount="3" falsecount="1"/>
      <line num="29" count="4" type="cond" truecount="1" falsecount="1"/>
      <line num="30" count="4" type="stmt"/>
      <line num="32" count="10" type="stmt"/>
      <line num="33" count="22" type="stmt"/>
      <line num="34" count="4" type="cond" truecount="2" falsecount="2"/>
      <line num="39" count="8" type="stmt"/>
      <line num="40" count="8" type="cond" truecount="1" falsecount="1"/>
      <line num="41" count="0" type="stmt"/>
      <line num="43" count="8" type="stmt"/>
      <line num="45" count="2" type="stmt"/>
      <line num="46" count="2" type="stmt"/>
      <line num="47" count="2" type="stmt"/>
      <line num="48" count="2" type="stmt"/>
      <line num="49" count="2" type="stmt"/>
      <line num="55" count="4" type="stmt"/>
      <line num="57" count="4" type="stmt"/>
      <line num="58" count="10" type="cond" truecount="3" falsecount="1"/>
      <line num="60" count="4" type="stmt"/>
      <line num="61" count="4" type="cond" truecount="1" falsecount="1"/>
      <line num="62" count="4" type="stmt"/>
      <line num="63" count="4" type="stmt"/>
      <line num="64" count="6" type="stmt"/>
      <line num="66" count="6" type="cond" truecount="1" falsecount="1"/>
      <line num="67" count="0" type="stmt"/>
      <line num="69" count="6" type="cond" truecount="1" falsecount="1"/>
      <line num="70" count="0" type="stmt"/>
      <line num="72" count="6" type="cond" truecount="1" falsecount="1"/>
      <line num="73" count="0" type="stmt"/>
      <line num="75" count="6" type="cond" truecount="1" falsecount="1"/>
      <line num="76" count="6" type="stmt"/>
      <line num="78" count="4" type="stmt"/>
      <line num="83" count="4" type="stmt"/>
      <line num="84" count="4" type="stmt"/>
      <line num="86" count="4" type="stmt"/>
      <line num="87" count="2" type="stmt"/>
      <line num="89" count="2" type="stmt"/>
      <line num="90" count="2" type="stmt"/>
      <line num="91" count="2" type="stmt"/>
      <line num="92" count="0" type="stmt"/>
    </file>
    <file name="PrepareUpdateStatement.js" path="C:\Users\wyj12\OneDrive\桌面\IDEMIA_AWS_Assignment\aws-backend\lambda-functions\PrepareUpdateStatement.js">
      <metrics statements="70" coveredstatements="63" conditionals="92" coveredconditionals="58" methods="19" coveredmethods="17"/>
      <line num="1" count="2" type="cond" truecount="2" falsecount="1"/>
      <line num="2" count="4" type="cond" truecount="1" falsecount="1"/>
      <line num="3" count="6" type="cond" truecount="2" falsecount="0"/>
      <line num="4" count="2" type="stmt"/>
      <line num="5" count="2" type="stmt"/>
      <line num="6" count="10" type="cond" truecount="2" falsecount="0"/>
      <line num="7" count="6" type="cond" truecount="2" falsecount="0"/>
      <line num="10" count="2" type="cond" truecount="2" falsecount="1"/>
      <line num="11" count="6" type="cond" truecount="2" falsecount="0"/>
      <line num="12" count="6" type="cond" truecount="2" falsecount="0"/>
      <line num="13" count="18" type="stmt"/>
      <line num="15" count="10" type="cond" truecount="1" falsecount="1"/>
      <line num="16" count="28" type="cond" truecount="3" falsecount="1"/>
      <line num="17" count="28" type="cond" truecount="2" falsecount="11"/>
      <line num="18" count="28" type="cond" truecount="1" falsecount="1"/>
      <line num="19" count="28" type="cond" truecount="4" falsecount="2"/>
      <line num="20" count="10" type="stmt"/>
      <line num="21" count="4" type="stmt"/>
      <line num="22" count="0" type="stmt"/>
      <line num="23" count="0" type="stmt"/>
      <line num="25" count="14" type="cond" truecount="7" falsecount="0"/>
      <line num="26" count="8" type="cond" truecount="2" falsecount="4"/>
      <line num="27" count="8" type="cond" truecount="4" falsecount="0"/>
      <line num="28" count="6" type="cond" truecount="3" falsecount="1"/>
      <line num="29" count="6" type="cond" truecount="1" falsecount="1"/>
      <line num="30" count="6" type="stmt"/>
      <line num="32" count="12" type="stmt"/>
      <line num="33" count="28" type="stmt"/>
      <line num="34" count="6" type="cond" truecount="2" falsecount="2"/>
      <line num="39" count="8" type="stmt"/>
      <line num="40" count="8" type="cond" truecount="1" falsecount="1"/>
      <line num="41" count="0" type="stmt"/>
      <line num="43" count="8" type="stmt"/>
      <line num="45" count="2" type="stmt"/>
      <line num="46" count="2" type="stmt"/>
      <line num="47" count="2" type="stmt"/>
      <line num="48" count="2" type="stmt"/>
      <line num="49" count="2" type="stmt"/>
      <line num="55" count="6" type="stmt"/>
      <line num="57" count="6" type="stmt"/>
      <line num="58" count="12" type="cond" truecount="3" falsecount="1"/>
      <line num="60" count="6" type="stmt"/>
      <line num="61" count="6" type="cond" truecount="2" falsecount="0"/>
      <line num="62" count="2" type="stmt"/>
      <line num="63" count="4" type="stmt"/>
      <line num="64" count="4" type="stmt"/>
      <line num="65" count="4" type="stmt"/>
      <line num="66" count="4" type="stmt"/>
      <line num="67" count="4" type="cond" truecount="3" falsecount="1"/>
      <line num="68" count="4" type="stmt"/>
      <line num="70" count="4" type="stmt"/>
      <line num="71" count="4" type="stmt"/>
      <line num="72" count="6" type="stmt"/>
      <line num="73" count="6" type="cond" truecount="1" falsecount="1"/>
      <line num="74" count="0" type="stmt"/>
      <line num="76" count="6" type="cond" truecount="1" falsecount="1"/>
      <line num="77" count="0" type="stmt"/>
      <line num="79" count="6" type="cond" truecount="1" falsecount="1"/>
      <line num="80" count="0" type="stmt"/>
      <line num="82" count="6" type="cond" truecount="1" falsecount="1"/>
      <line num="83" count="6" type="stmt"/>
      <line num="86" count="4" type="stmt"/>
      <line num="87" count="4" type="stmt"/>
      <line num="92" count="4" type="stmt"/>
      <line num="93" count="4" type="stmt"/>
      <line num="95" count="4" type="stmt"/>
      <line num="96" count="2" type="stmt"/>
      <line num="98" count="2" type="stmt"/>
      <line num="99" count="2" type="stmt"/>
      <line num="100" count="0" type="stmt"/>
    </file>
  </project>
</coverage>
