{"C:\\Users\\wyj12\\OneDrive\\桌面\\IDEMIA_AWS_Assignment\\aws-backend\\lambda-functions\\AthenaQuery.js": {"path":"C:\\Users\\wyj12\\OneDrive\\桌面\\IDEMIA_AWS_Assignment\\aws-backend\\lambda-functions\\AthenaQuery.js","statementMap":{"0":{"start":{"line":1,"column":16},"end":{"line":9,"column":1}},"1":{"start":{"line":2,"column":28},"end":{"line":2,"column":110}},"2":{"start":{"line":2,"column":91},"end":{"line":2,"column":106}},"3":{"start":{"line":3,"column":4},"end":{"line":8,"column":7}},"4":{"start":{"line":4,"column":36},"end":{"line":4,"column":97}},"5":{"start":{"line":4,"column":42},"end":{"line":4,"column":70}},"6":{"start":{"line":4,"column":85},"end":{"line":4,"column":95}},"7":{"start":{"line":5,"column":35},"end":{"line":5,"column":100}},"8":{"start":{"line":5,"column":41},"end":{"line":5,"column":73}},"9":{"start":{"line":5,"column":88},"end":{"line":5,"column":98}},"10":{"start":{"line":6,"column":32},"end":{"line":6,"column":116}},"11":{"start":{"line":7,"column":8},"end":{"line":7,"column":78}},"12":{"start":{"line":10,"column":18},"end":{"line":36,"column":1}},"13":{"start":{"line":11,"column":12},"end":{"line":11,"column":104}},"14":{"start":{"line":11,"column":43},"end":{"line":11,"column":68}},"15":{"start":{"line":11,"column":57},"end":{"line":11,"column":68}},"16":{"start":{"line":11,"column":69},"end":{"line":11,"column":81}},"17":{"start":{"line":12,"column":4},"end":{"line":12,"column":157}},"18":{"start":{"line":12,"column":138},"end":{"line":12,"column":150}},"19":{"start":{"line":13,"column":23},"end":{"line":13,"column":68}},"20":{"start":{"line":13,"column":45},"end":{"line":13,"column":65}},"21":{"start":{"line":15,"column":8},"end":{"line":15,"column":70}},"22":{"start":{"line":15,"column":15},"end":{"line":15,"column":70}},"23":{"start":{"line":16,"column":8},"end":{"line":33,"column":66}},"24":{"start":{"line":16,"column":50},"end":{"line":33,"column":66}},"25":{"start":{"line":17,"column":12},"end":{"line":17,"column":169}},"26":{"start":{"line":17,"column":160},"end":{"line":17,"column":169}},"27":{"start":{"line":18,"column":12},"end":{"line":18,"column":52}},"28":{"start":{"line":18,"column":26},"end":{"line":18,"column":52}},"29":{"start":{"line":19,"column":12},"end":{"line":31,"column":13}},"30":{"start":{"line":20,"column":32},"end":{"line":20,"column":39}},"31":{"start":{"line":20,"column":40},"end":{"line":20,"column":46}},"32":{"start":{"line":21,"column":24},"end":{"line":21,"column":34}},"33":{"start":{"line":21,"column":35},"end":{"line":21,"column":72}},"34":{"start":{"line":22,"column":24},"end":{"line":22,"column":34}},"35":{"start":{"line":22,"column":35},"end":{"line":22,"column":45}},"36":{"start":{"line":22,"column":46},"end":{"line":22,"column":55}},"37":{"start":{"line":22,"column":56},"end":{"line":22,"column":65}},"38":{"start":{"line":23,"column":24},"end":{"line":23,"column":41}},"39":{"start":{"line":23,"column":42},"end":{"line":23,"column":55}},"40":{"start":{"line":23,"column":56},"end":{"line":23,"column":65}},"41":{"start":{"line":25,"column":20},"end":{"line":25,"column":128}},"42":{"start":{"line":25,"column":110},"end":{"line":25,"column":116}},"43":{"start":{"line":25,"column":117},"end":{"line":25,"column":126}},"44":{"start":{"line":26,"column":20},"end":{"line":26,"column":106}},"45":{"start":{"line":26,"column":81},"end":{"line":26,"column":97}},"46":{"start":{"line":26,"column":98},"end":{"line":26,"column":104}},"47":{"start":{"line":27,"column":20},"end":{"line":27,"column":89}},"48":{"start":{"line":27,"column":57},"end":{"line":27,"column":72}},"49":{"start":{"line":27,"column":73},"end":{"line":27,"column":80}},"50":{"start":{"line":27,"column":81},"end":{"line":27,"column":87}},"51":{"start":{"line":28,"column":20},"end":{"line":28,"column":87}},"52":{"start":{"line":28,"column":47},"end":{"line":28,"column":62}},"53":{"start":{"line":28,"column":63},"end":{"line":28,"column":78}},"54":{"start":{"line":28,"column":79},"end":{"line":28,"column":85}},"55":{"start":{"line":29,"column":20},"end":{"line":29,"column":42}},"56":{"start":{"line":29,"column":30},"end":{"line":29,"column":42}},"57":{"start":{"line":30,"column":20},"end":{"line":30,"column":33}},"58":{"start":{"line":30,"column":34},"end":{"line":30,"column":43}},"59":{"start":{"line":32,"column":12},"end":{"line":32,"column":39}},"60":{"start":{"line":33,"column":22},"end":{"line":33,"column":34}},"61":{"start":{"line":33,"column":35},"end":{"line":33,"column":41}},"62":{"start":{"line":33,"column":54},"end":{"line":33,"column":64}},"63":{"start":{"line":34,"column":8},"end":{"line":34,"column":35}},"64":{"start":{"line":34,"column":23},"end":{"line":34,"column":35}},"65":{"start":{"line":34,"column":36},"end":{"line":34,"column":89}},"66":{"start":{"line":39,"column":16},"end":{"line":39,"column":33}},"67":{"start":{"line":40,"column":4},"end":{"line":42,"column":5}},"68":{"start":{"line":41,"column":8},"end":{"line":41,"column":77}},"69":{"start":{"line":43,"column":4},"end":{"line":43,"column":17}},"70":{"start":{"line":45,"column":13},"end":{"line":45,"column":37}},"71":{"start":{"line":46,"column":9},"end":{"line":46,"column":34}},"72":{"start":{"line":47,"column":16},"end":{"line":47,"column":49}},"73":{"start":{"line":48,"column":21},"end":{"line":76,"column":5}},"74":{"start":{"line":48,"column":40},"end":{"line":76,"column":3}},"75":{"start":{"line":50,"column":4},"end":{"line":75,"column":7}},"76":{"start":{"line":51,"column":8},"end":{"line":74,"column":9}},"77":{"start":{"line":53,"column":16},"end":{"line":53,"column":42}},"78":{"start":{"line":54,"column":16},"end":{"line":54,"column":56}},"79":{"start":{"line":55,"column":16},"end":{"line":61,"column":18}},"80":{"start":{"line":62,"column":16},"end":{"line":62,"column":73}},"81":{"start":{"line":64,"column":16},"end":{"line":64,"column":45}},"82":{"start":{"line":65,"column":16},"end":{"line":68,"column":23}},"83":{"start":{"line":70,"column":16},"end":{"line":70,"column":36}},"84":{"start":{"line":71,"column":16},"end":{"line":71,"column":72}},"85":{"start":{"line":72,"column":16},"end":{"line":72,"column":64}},"86":{"start":{"line":73,"column":20},"end":{"line":73,"column":42}}},"fnMap":{"0":{"name":"(anonymous_0)","decl":{"start":{"line":1,"column":44},"end":{"line":1,"column":45}},"loc":{"start":{"line":1,"column":89},"end":{"line":9,"column":1}},"line":1},"1":{"name":"adopt","decl":{"start":{"line":2,"column":13},"end":{"line":2,"column":18}},"loc":{"start":{"line":2,"column":26},"end":{"line":2,"column":112}},"line":2},"2":{"name":"(anonymous_2)","decl":{"start":{"line":2,"column":70},"end":{"line":2,"column":71}},"loc":{"start":{"line":2,"column":89},"end":{"line":2,"column":108}},"line":2},"3":{"name":"(anonymous_3)","decl":{"start":{"line":3,"column":36},"end":{"line":3,"column":37}},"loc":{"start":{"line":3,"column":63},"end":{"line":8,"column":5}},"line":3},"4":{"name":"fulfilled","decl":{"start":{"line":4,"column":17},"end":{"line":4,"column":26}},"loc":{"start":{"line":4,"column":34},"end":{"line":4,"column":99}},"line":4},"5":{"name":"rejected","decl":{"start":{"line":5,"column":17},"end":{"line":5,"column":25}},"loc":{"start":{"line":5,"column":33},"end":{"line":5,"column":102}},"line":5},"6":{"name":"step","decl":{"start":{"line":6,"column":17},"end":{"line":6,"column":21}},"loc":{"start":{"line":6,"column":30},"end":{"line":6,"column":118}},"line":6},"7":{"name":"(anonymous_7)","decl":{"start":{"line":10,"column":48},"end":{"line":10,"column":49}},"loc":{"start":{"line":10,"column":73},"end":{"line":36,"column":1}},"line":10},"8":{"name":"(anonymous_8)","decl":{"start":{"line":11,"column":30},"end":{"line":11,"column":31}},"loc":{"start":{"line":11,"column":41},"end":{"line":11,"column":83}},"line":11},"9":{"name":"(anonymous_9)","decl":{"start":{"line":12,"column":125},"end":{"line":12,"column":126}},"loc":{"start":{"line":12,"column":136},"end":{"line":12,"column":152}},"line":12},"10":{"name":"verb","decl":{"start":{"line":13,"column":13},"end":{"line":13,"column":17}},"loc":{"start":{"line":13,"column":21},"end":{"line":13,"column":70}},"line":13},"11":{"name":"(anonymous_11)","decl":{"start":{"line":13,"column":30},"end":{"line":13,"column":31}},"loc":{"start":{"line":13,"column":43},"end":{"line":13,"column":67}},"line":13},"12":{"name":"step","decl":{"start":{"line":14,"column":13},"end":{"line":14,"column":17}},"loc":{"start":{"line":14,"column":22},"end":{"line":35,"column":5}},"line":14},"13":{"name":"getEnvVariable","decl":{"start":{"line":38,"column":9},"end":{"line":38,"column":23}},"loc":{"start":{"line":38,"column":30},"end":{"line":44,"column":1}},"line":38},"14":{"name":"(anonymous_14)","decl":{"start":{"line":48,"column":21},"end":{"line":48,"column":22}},"loc":{"start":{"line":48,"column":38},"end":{"line":76,"column":5}},"line":48},"15":{"name":"(anonymous_15)","decl":{"start":{"line":48,"column":81},"end":{"line":48,"column":82}},"loc":{"start":{"line":48,"column":93},"end":{"line":76,"column":1}},"line":48},"16":{"name":"(anonymous_16)","decl":{"start":{"line":50,"column":29},"end":{"line":50,"column":30}},"loc":{"start":{"line":50,"column":43},"end":{"line":75,"column":5}},"line":50}},"branchMap":{"0":{"loc":{"start":{"line":1,"column":16},"end":{"line":9,"column":1}},"type":"binary-expr","locations":[{"start":{"line":1,"column":17},"end":{"line":1,"column":21}},{"start":{"line":1,"column":25},"end":{"line":1,"column":39}},{"start":{"line":1,"column":44},"end":{"line":9,"column":1}}],"line":1},"1":{"loc":{"start":{"line":2,"column":35},"end":{"line":2,"column":109}},"type":"cond-expr","locations":[{"start":{"line":2,"column":56},"end":{"line":2,"column":61}},{"start":{"line":2,"column":64},"end":{"line":2,"column":109}}],"line":2},"2":{"loc":{"start":{"line":3,"column":16},"end":{"line":3,"column":34}},"type":"binary-expr","locations":[{"start":{"line":3,"column":16},"end":{"line":3,"column":17}},{"start":{"line":3,"column":22},"end":{"line":3,"column":33}}],"line":3},"3":{"loc":{"start":{"line":6,"column":32},"end":{"line":6,"column":115}},"type":"cond-expr","locations":[{"start":{"line":6,"column":46},"end":{"line":6,"column":67}},{"start":{"line":6,"column":70},"end":{"line":6,"column":115}}],"line":6},"4":{"loc":{"start":{"line":7,"column":51},"end":{"line":7,"column":67}},"type":"binary-expr","locations":[{"start":{"line":7,"column":51},"end":{"line":7,"column":61}},{"start":{"line":7,"column":65},"end":{"line":7,"column":67}}],"line":7},"5":{"loc":{"start":{"line":10,"column":18},"end":{"line":36,"column":1}},"type":"binary-expr","locations":[{"start":{"line":10,"column":19},"end":{"line":10,"column":23}},{"start":{"line":10,"column":27},"end":{"line":10,"column":43}},{"start":{"line":10,"column":48},"end":{"line":36,"column":1}}],"line":10},"6":{"loc":{"start":{"line":11,"column":43},"end":{"line":11,"column":68}},"type":"if","locations":[{"start":{"line":11,"column":43},"end":{"line":11,"column":68}},{"start":{},"end":{}}],"line":11},"7":{"loc":{"start":{"line":12,"column":71},"end":{"line":12,"column":153}},"type":"binary-expr","locations":[{"start":{"line":12,"column":71},"end":{"line":12,"column":99}},{"start":{"line":12,"column":104},"end":{"line":12,"column":152}}],"line":12},"8":{"loc":{"start":{"line":15,"column":8},"end":{"line":15,"column":70}},"type":"if","locations":[{"start":{"line":15,"column":8},"end":{"line":15,"column":70}},{"start":{},"end":{}}],"line":15},"9":{"loc":{"start":{"line":16,"column":15},"end":{"line":16,"column":45}},"type":"binary-expr","locations":[{"start":{"line":16,"column":15},"end":{"line":16,"column":16}},{"start":{"line":16,"column":21},"end":{"line":16,"column":44}}],"line":16},"10":{"loc":{"start":{"line":16,"column":28},"end":{"line":16,"column":44}},"type":"binary-expr","locations":[{"start":{"line":16,"column":28},"end":{"line":16,"column":33}},{"start":{"line":16,"column":38},"end":{"line":16,"column":43}}],"line":16},"11":{"loc":{"start":{"line":17,"column":12},"end":{"line":17,"column":169}},"type":"if","locations":[{"start":{"line":17,"column":12},"end":{"line":17,"column":169}},{"start":{},"end":{}}],"line":17},"12":{"loc":{"start":{"line":17,"column":23},"end":{"line":17,"column":158}},"type":"binary-expr","locations":[{"start":{"line":17,"column":23},"end":{"line":17,"column":24}},{"start":{"line":17,"column":29},"end":{"line":17,"column":125}},{"start":{"line":17,"column":130},"end":{"line":17,"column":158}}],"line":17},"13":{"loc":{"start":{"line":17,"column":33},"end":{"line":17,"column":125}},"type":"cond-expr","locations":[{"start":{"line":17,"column":45},"end":{"line":17,"column":56}},{"start":{"line":17,"column":59},"end":{"line":17,"column":125}}],"line":17},"14":{"loc":{"start":{"line":17,"column":59},"end":{"line":17,"column":125}},"type":"cond-expr","locations":[{"start":{"line":17,"column":67},"end":{"line":17,"column":116}},{"start":{"line":17,"column":119},"end":{"line":17,"column":125}}],"line":17},"15":{"loc":{"start":{"line":17,"column":67},"end":{"line":17,"column":116}},"type":"binary-expr","locations":[{"start":{"line":17,"column":67},"end":{"line":17,"column":77}},{"start":{"line":17,"column":82},"end":{"line":17,"column":115}}],"line":17},"16":{"loc":{"start":{"line":17,"column":82},"end":{"line":17,"column":112}},"type":"binary-expr","locations":[{"start":{"line":17,"column":83},"end":{"line":17,"column":98}},{"start":{"line":17,"column":103},"end":{"line":17,"column":112}}],"line":17},"17":{"loc":{"start":{"line":18,"column":12},"end":{"line":18,"column":52}},"type":"if","locations":[{"start":{"line":18,"column":12},"end":{"line":18,"column":52}},{"start":{},"end":{}}],"line":18},"18":{"loc":{"start":{"line":19,"column":12},"end":{"line":31,"column":13}},"type":"switch","locations":[{"start":{"line":20,"column":16},"end":{"line":20,"column":23}},{"start":{"line":20,"column":24},"end":{"line":20,"column":46}},{"start":{"line":21,"column":16},"end":{"line":21,"column":72}},{"start":{"line":22,"column":16},"end":{"line":22,"column":65}},{"start":{"line":23,"column":16},"end":{"line":23,"column":65}},{"start":{"line":24,"column":16},"end":{"line":30,"column":43}}],"line":19},"19":{"loc":{"start":{"line":25,"column":20},"end":{"line":25,"column":128}},"type":"if","locations":[{"start":{"line":25,"column":20},"end":{"line":25,"column":128}},{"start":{},"end":{}}],"line":25},"20":{"loc":{"start":{"line":25,"column":24},"end":{"line":25,"column":106}},"type":"binary-expr","locations":[{"start":{"line":25,"column":24},"end":{"line":25,"column":74}},{"start":{"line":25,"column":79},"end":{"line":25,"column":90}},{"start":{"line":25,"column":94},"end":{"line":25,"column":105}}],"line":25},"21":{"loc":{"start":{"line":25,"column":42},"end":{"line":25,"column":73}},"type":"binary-expr","locations":[{"start":{"line":25,"column":42},"end":{"line":25,"column":54}},{"start":{"line":25,"column":58},"end":{"line":25,"column":73}}],"line":25},"22":{"loc":{"start":{"line":26,"column":20},"end":{"line":26,"column":106}},"type":"if","locations":[{"start":{"line":26,"column":20},"end":{"line":26,"column":106}},{"start":{},"end":{}}],"line":26},"23":{"loc":{"start":{"line":26,"column":24},"end":{"line":26,"column":77}},"type":"binary-expr","locations":[{"start":{"line":26,"column":24},"end":{"line":26,"column":35}},{"start":{"line":26,"column":40},"end":{"line":26,"column":42}},{"start":{"line":26,"column":47},"end":{"line":26,"column":59}},{"start":{"line":26,"column":63},"end":{"line":26,"column":75}}],"line":26},"24":{"loc":{"start":{"line":27,"column":20},"end":{"line":27,"column":89}},"type":"if","locations":[{"start":{"line":27,"column":20},"end":{"line":27,"column":89}},{"start":{},"end":{}}],"line":27},"25":{"loc":{"start":{"line":27,"column":24},"end":{"line":27,"column":53}},"type":"binary-expr","locations":[{"start":{"line":27,"column":24},"end":{"line":27,"column":35}},{"start":{"line":27,"column":39},"end":{"line":27,"column":53}}],"line":27},"26":{"loc":{"start":{"line":28,"column":20},"end":{"line":28,"column":87}},"type":"if","locations":[{"start":{"line":28,"column":20},"end":{"line":28,"column":87}},{"start":{},"end":{}}],"line":28},"27":{"loc":{"start":{"line":28,"column":24},"end":{"line":28,"column":43}},"type":"binary-expr","locations":[{"start":{"line":28,"column":24},"end":{"line":28,"column":25}},{"start":{"line":28,"column":29},"end":{"line":28,"column":43}}],"line":28},"28":{"loc":{"start":{"line":29,"column":20},"end":{"line":29,"column":42}},"type":"if","locations":[{"start":{"line":29,"column":20},"end":{"line":29,"column":42}},{"start":{},"end":{}}],"line":29},"29":{"loc":{"start":{"line":34,"column":8},"end":{"line":34,"column":35}},"type":"if","locations":[{"start":{"line":34,"column":8},"end":{"line":34,"column":35}},{"start":{},"end":{}}],"line":34},"30":{"loc":{"start":{"line":34,"column":52},"end":{"line":34,"column":74}},"type":"cond-expr","locations":[{"start":{"line":34,"column":60},"end":{"line":34,"column":65}},{"start":{"line":34,"column":68},"end":{"line":34,"column":74}}],"line":34},"31":{"loc":{"start":{"line":40,"column":4},"end":{"line":42,"column":5}},"type":"if","locations":[{"start":{"line":40,"column":4},"end":{"line":42,"column":5}},{"start":{},"end":{}}],"line":40},"32":{"loc":{"start":{"line":51,"column":8},"end":{"line":74,"column":9}},"type":"switch","locations":[{"start":{"line":52,"column":12},"end":{"line":62,"column":73}},{"start":{"line":63,"column":12},"end":{"line":68,"column":23}},{"start":{"line":69,"column":12},"end":{"line":72,"column":64}},{"start":{"line":73,"column":12},"end":{"line":73,"column":42}}],"line":51}},"s":{"0":2,"1":4,"2":0,"3":4,"4":2,"5":2,"6":0,"7":2,"8":2,"9":2,"10":6,"11":4,"12":2,"13":4,"14":6,"15":2,"16":4,"17":4,"18":0,"19":12,"20":8,"21":8,"22":0,"23":8,"24":22,"25":22,"26":0,"27":22,"28":0,"29":22,"30":8,"31":8,"32":4,"33":4,"34":0,"35":0,"36":0,"37":0,"38":0,"39":0,"40":0,"41":10,"42":4,"43":4,"44":6,"45":0,"46":0,"47":6,"48":2,"49":2,"50":2,"51":4,"52":0,"53":0,"54":0,"55":4,"56":0,"57":4,"58":4,"59":10,"60":4,"61":4,"62":22,"63":4,"64":2,"65":2,"66":6,"67":6,"68":0,"69":6,"70":2,"71":2,"72":2,"73":2,"74":4,"75":4,"76":10,"77":4,"78":4,"79":4,"80":4,"81":4,"82":2,"83":2,"84":2,"85":2,"86":0},"f":{"0":4,"1":4,"2":0,"3":4,"4":2,"5":2,"6":6,"7":4,"8":6,"9":0,"10":12,"11":8,"12":8,"13":6,"14":4,"15":4,"16":10},"b":{"0":[2,0,2],"1":[4,0],"2":[4,4],"3":[2,4],"4":[4,4],"5":[2,0,2],"6":[2,4],"7":[4,4],"8":[0,8],"9":[26,4],"10":[4,0],"11":[0,22],"12":[22,0,0],"13":[0,0],"14":[0,0],"15":[0,0],"16":[0,0],"17":[0,22],"18":[6,8,4,0,0,10],"19":[4,6],"20":[10,4,2],"21":[10,6],"22":[0,6],"23":[6,0,0,0],"24":[2,4],"25":[6,4],"26":[0,4],"27":[4,4],"28":[0,4],"29":[2,2],"30":[2,0],"31":[0,6],"32":[4,4,2,0]},"_coverageSchema":"1a1c01bbd47fc00a2c39e90264f33305004495a9","hash":"97f4d6aca72141857c2a269559bfd2300c3b8cde"}
,"C:\\Users\\wyj12\\OneDrive\\桌面\\IDEMIA_AWS_Assignment\\aws-backend\\lambda-functions\\AthenaQueryAll.js": {"path":"C:\\Users\\wyj12\\OneDrive\\桌面\\IDEMIA_AWS_Assignment\\aws-backend\\lambda-functions\\AthenaQueryAll.js","statementMap":{"0":{"start":{"line":1,"column":16},"end":{"line":9,"column":1}},"1":{"start":{"line":2,"column":28},"end":{"line":2,"column":110}},"2":{"start":{"line":2,"column":91},"end":{"line":2,"column":106}},"3":{"start":{"line":3,"column":4},"end":{"line":8,"column":7}},"4":{"start":{"line":4,"column":36},"end":{"line":4,"column":97}},"5":{"start":{"line":4,"column":42},"end":{"line":4,"column":70}},"6":{"start":{"line":4,"column":85},"end":{"line":4,"column":95}},"7":{"start":{"line":5,"column":35},"end":{"line":5,"column":100}},"8":{"start":{"line":5,"column":41},"end":{"line":5,"column":73}},"9":{"start":{"line":5,"column":88},"end":{"line":5,"column":98}},"10":{"start":{"line":6,"column":32},"end":{"line":6,"column":116}},"11":{"start":{"line":7,"column":8},"end":{"line":7,"column":78}},"12":{"start":{"line":10,"column":18},"end":{"line":36,"column":1}},"13":{"start":{"line":11,"column":12},"end":{"line":11,"column":104}},"14":{"start":{"line":11,"column":43},"end":{"line":11,"column":68}},"15":{"start":{"line":11,"column":57},"end":{"line":11,"column":68}},"16":{"start":{"line":11,"column":69},"end":{"line":11,"column":81}},"17":{"start":{"line":12,"column":4},"end":{"line":12,"column":157}},"18":{"start":{"line":12,"column":138},"end":{"line":12,"column":150}},"19":{"start":{"line":13,"column":23},"end":{"line":13,"column":68}},"20":{"start":{"line":13,"column":45},"end":{"line":13,"column":65}},"21":{"start":{"line":15,"column":8},"end":{"line":15,"column":70}},"22":{"start":{"line":15,"column":15},"end":{"line":15,"column":70}},"23":{"start":{"line":16,"column":8},"end":{"line":33,"column":66}},"24":{"start":{"line":16,"column":50},"end":{"line":33,"column":66}},"25":{"start":{"line":17,"column":12},"end":{"line":17,"column":169}},"26":{"start":{"line":17,"column":160},"end":{"line":17,"column":169}},"27":{"start":{"line":18,"column":12},"end":{"line":18,"column":52}},"28":{"start":{"line":18,"column":26},"end":{"line":18,"column":52}},"29":{"start":{"line":19,"column":12},"end":{"line":31,"column":13}},"30":{"start":{"line":20,"column":32},"end":{"line":20,"column":39}},"31":{"start":{"line":20,"column":40},"end":{"line":20,"column":46}},"32":{"start":{"line":21,"column":24},"end":{"line":21,"column":34}},"33":{"start":{"line":21,"column":35},"end":{"line":21,"column":72}},"34":{"start":{"line":22,"column":24},"end":{"line":22,"column":34}},"35":{"start":{"line":22,"column":35},"end":{"line":22,"column":45}},"36":{"start":{"line":22,"column":46},"end":{"line":22,"column":55}},"37":{"start":{"line":22,"column":56},"end":{"line":22,"column":65}},"38":{"start":{"line":23,"column":24},"end":{"line":23,"column":41}},"39":{"start":{"line":23,"column":42},"end":{"line":23,"column":55}},"40":{"start":{"line":23,"column":56},"end":{"line":23,"column":65}},"41":{"start":{"line":25,"column":20},"end":{"line":25,"column":128}},"42":{"start":{"line":25,"column":110},"end":{"line":25,"column":116}},"43":{"start":{"line":25,"column":117},"end":{"line":25,"column":126}},"44":{"start":{"line":26,"column":20},"end":{"line":26,"column":106}},"45":{"start":{"line":26,"column":81},"end":{"line":26,"column":97}},"46":{"start":{"line":26,"column":98},"end":{"line":26,"column":104}},"47":{"start":{"line":27,"column":20},"end":{"line":27,"column":89}},"48":{"start":{"line":27,"column":57},"end":{"line":27,"column":72}},"49":{"start":{"line":27,"column":73},"end":{"line":27,"column":80}},"50":{"start":{"line":27,"column":81},"end":{"line":27,"column":87}},"51":{"start":{"line":28,"column":20},"end":{"line":28,"column":87}},"52":{"start":{"line":28,"column":47},"end":{"line":28,"column":62}},"53":{"start":{"line":28,"column":63},"end":{"line":28,"column":78}},"54":{"start":{"line":28,"column":79},"end":{"line":28,"column":85}},"55":{"start":{"line":29,"column":20},"end":{"line":29,"column":42}},"56":{"start":{"line":29,"column":30},"end":{"line":29,"column":42}},"57":{"start":{"line":30,"column":20},"end":{"line":30,"column":33}},"58":{"start":{"line":30,"column":34},"end":{"line":30,"column":43}},"59":{"start":{"line":32,"column":12},"end":{"line":32,"column":39}},"60":{"start":{"line":33,"column":22},"end":{"line":33,"column":34}},"61":{"start":{"line":33,"column":35},"end":{"line":33,"column":41}},"62":{"start":{"line":33,"column":54},"end":{"line":33,"column":64}},"63":{"start":{"line":34,"column":8},"end":{"line":34,"column":35}},"64":{"start":{"line":34,"column":23},"end":{"line":34,"column":35}},"65":{"start":{"line":34,"column":36},"end":{"line":34,"column":89}},"66":{"start":{"line":39,"column":16},"end":{"line":39,"column":33}},"67":{"start":{"line":40,"column":4},"end":{"line":42,"column":5}},"68":{"start":{"line":41,"column":8},"end":{"line":41,"column":77}},"69":{"start":{"line":43,"column":4},"end":{"line":43,"column":17}},"70":{"start":{"line":45,"column":13},"end":{"line":45,"column":38}},"71":{"start":{"line":46,"column":16},"end":{"line":46,"column":44}},"72":{"start":{"line":47,"column":16},"end":{"line":47,"column":49}},"73":{"start":{"line":48,"column":13},"end":{"line":48,"column":37}},"74":{"start":{"line":49,"column":15},"end":{"line":49,"column":45}},"75":{"start":{"line":50,"column":21},"end":{"line":75,"column":5}},"76":{"start":{"line":50,"column":35},"end":{"line":75,"column":3}},"77":{"start":{"line":52,"column":4},"end":{"line":74,"column":7}},"78":{"start":{"line":53,"column":8},"end":{"line":73,"column":9}},"79":{"start":{"line":55,"column":16},"end":{"line":55,"column":42}},"80":{"start":{"line":56,"column":16},"end":{"line":56,"column":79}},"81":{"start":{"line":57,"column":16},"end":{"line":61,"column":18}},"82":{"start":{"line":62,"column":16},"end":{"line":62,"column":75}},"83":{"start":{"line":64,"column":16},"end":{"line":64,"column":45}},"84":{"start":{"line":65,"column":16},"end":{"line":67,"column":23}},"85":{"start":{"line":69,"column":16},"end":{"line":69,"column":36}},"86":{"start":{"line":70,"column":16},"end":{"line":70,"column":72}},"87":{"start":{"line":71,"column":16},"end":{"line":71,"column":64}},"88":{"start":{"line":72,"column":20},"end":{"line":72,"column":42}}},"fnMap":{"0":{"name":"(anonymous_0)","decl":{"start":{"line":1,"column":44},"end":{"line":1,"column":45}},"loc":{"start":{"line":1,"column":89},"end":{"line":9,"column":1}},"line":1},"1":{"name":"adopt","decl":{"start":{"line":2,"column":13},"end":{"line":2,"column":18}},"loc":{"start":{"line":2,"column":26},"end":{"line":2,"column":112}},"line":2},"2":{"name":"(anonymous_2)","decl":{"start":{"line":2,"column":70},"end":{"line":2,"column":71}},"loc":{"start":{"line":2,"column":89},"end":{"line":2,"column":108}},"line":2},"3":{"name":"(anonymous_3)","decl":{"start":{"line":3,"column":36},"end":{"line":3,"column":37}},"loc":{"start":{"line":3,"column":63},"end":{"line":8,"column":5}},"line":3},"4":{"name":"fulfilled","decl":{"start":{"line":4,"column":17},"end":{"line":4,"column":26}},"loc":{"start":{"line":4,"column":34},"end":{"line":4,"column":99}},"line":4},"5":{"name":"rejected","decl":{"start":{"line":5,"column":17},"end":{"line":5,"column":25}},"loc":{"start":{"line":5,"column":33},"end":{"line":5,"column":102}},"line":5},"6":{"name":"step","decl":{"start":{"line":6,"column":17},"end":{"line":6,"column":21}},"loc":{"start":{"line":6,"column":30},"end":{"line":6,"column":118}},"line":6},"7":{"name":"(anonymous_7)","decl":{"start":{"line":10,"column":48},"end":{"line":10,"column":49}},"loc":{"start":{"line":10,"column":73},"end":{"line":36,"column":1}},"line":10},"8":{"name":"(anonymous_8)","decl":{"start":{"line":11,"column":30},"end":{"line":11,"column":31}},"loc":{"start":{"line":11,"column":41},"end":{"line":11,"column":83}},"line":11},"9":{"name":"(anonymous_9)","decl":{"start":{"line":12,"column":125},"end":{"line":12,"column":126}},"loc":{"start":{"line":12,"column":136},"end":{"line":12,"column":152}},"line":12},"10":{"name":"verb","decl":{"start":{"line":13,"column":13},"end":{"line":13,"column":17}},"loc":{"start":{"line":13,"column":21},"end":{"line":13,"column":70}},"line":13},"11":{"name":"(anonymous_11)","decl":{"start":{"line":13,"column":30},"end":{"line":13,"column":31}},"loc":{"start":{"line":13,"column":43},"end":{"line":13,"column":67}},"line":13},"12":{"name":"step","decl":{"start":{"line":14,"column":13},"end":{"line":14,"column":17}},"loc":{"start":{"line":14,"column":22},"end":{"line":35,"column":5}},"line":14},"13":{"name":"getEnvVariable","decl":{"start":{"line":38,"column":9},"end":{"line":38,"column":23}},"loc":{"start":{"line":38,"column":30},"end":{"line":44,"column":1}},"line":38},"14":{"name":"(anonymous_14)","decl":{"start":{"line":50,"column":21},"end":{"line":50,"column":22}},"loc":{"start":{"line":50,"column":33},"end":{"line":75,"column":5}},"line":50},"15":{"name":"(anonymous_15)","decl":{"start":{"line":50,"column":76},"end":{"line":50,"column":77}},"loc":{"start":{"line":50,"column":88},"end":{"line":75,"column":1}},"line":50},"16":{"name":"(anonymous_16)","decl":{"start":{"line":52,"column":29},"end":{"line":52,"column":30}},"loc":{"start":{"line":52,"column":43},"end":{"line":74,"column":5}},"line":52}},"branchMap":{"0":{"loc":{"start":{"line":1,"column":16},"end":{"line":9,"column":1}},"type":"binary-expr","locations":[{"start":{"line":1,"column":17},"end":{"line":1,"column":21}},{"start":{"line":1,"column":25},"end":{"line":1,"column":39}},{"start":{"line":1,"column":44},"end":{"line":9,"column":1}}],"line":1},"1":{"loc":{"start":{"line":2,"column":35},"end":{"line":2,"column":109}},"type":"cond-expr","locations":[{"start":{"line":2,"column":56},"end":{"line":2,"column":61}},{"start":{"line":2,"column":64},"end":{"line":2,"column":109}}],"line":2},"2":{"loc":{"start":{"line":3,"column":16},"end":{"line":3,"column":34}},"type":"binary-expr","locations":[{"start":{"line":3,"column":16},"end":{"line":3,"column":17}},{"start":{"line":3,"column":22},"end":{"line":3,"column":33}}],"line":3},"3":{"loc":{"start":{"line":6,"column":32},"end":{"line":6,"column":115}},"type":"cond-expr","locations":[{"start":{"line":6,"column":46},"end":{"line":6,"column":67}},{"start":{"line":6,"column":70},"end":{"line":6,"column":115}}],"line":6},"4":{"loc":{"start":{"line":7,"column":51},"end":{"line":7,"column":67}},"type":"binary-expr","locations":[{"start":{"line":7,"column":51},"end":{"line":7,"column":61}},{"start":{"line":7,"column":65},"end":{"line":7,"column":67}}],"line":7},"5":{"loc":{"start":{"line":10,"column":18},"end":{"line":36,"column":1}},"type":"binary-expr","locations":[{"start":{"line":10,"column":19},"end":{"line":10,"column":23}},{"start":{"line":10,"column":27},"end":{"line":10,"column":43}},{"start":{"line":10,"column":48},"end":{"line":36,"column":1}}],"line":10},"6":{"loc":{"start":{"line":11,"column":43},"end":{"line":11,"column":68}},"type":"if","locations":[{"start":{"line":11,"column":43},"end":{"line":11,"column":68}},{"start":{},"end":{}}],"line":11},"7":{"loc":{"start":{"line":12,"column":71},"end":{"line":12,"column":153}},"type":"binary-expr","locations":[{"start":{"line":12,"column":71},"end":{"line":12,"column":99}},{"start":{"line":12,"column":104},"end":{"line":12,"column":152}}],"line":12},"8":{"loc":{"start":{"line":15,"column":8},"end":{"line":15,"column":70}},"type":"if","locations":[{"start":{"line":15,"column":8},"end":{"line":15,"column":70}},{"start":{},"end":{}}],"line":15},"9":{"loc":{"start":{"line":16,"column":15},"end":{"line":16,"column":45}},"type":"binary-expr","locations":[{"start":{"line":16,"column":15},"end":{"line":16,"column":16}},{"start":{"line":16,"column":21},"end":{"line":16,"column":44}}],"line":16},"10":{"loc":{"start":{"line":16,"column":28},"end":{"line":16,"column":44}},"type":"binary-expr","locations":[{"start":{"line":16,"column":28},"end":{"line":16,"column":33}},{"start":{"line":16,"column":38},"end":{"line":16,"column":43}}],"line":16},"11":{"loc":{"start":{"line":17,"column":12},"end":{"line":17,"column":169}},"type":"if","locations":[{"start":{"line":17,"column":12},"end":{"line":17,"column":169}},{"start":{},"end":{}}],"line":17},"12":{"loc":{"start":{"line":17,"column":23},"end":{"line":17,"column":158}},"type":"binary-expr","locations":[{"start":{"line":17,"column":23},"end":{"line":17,"column":24}},{"start":{"line":17,"column":29},"end":{"line":17,"column":125}},{"start":{"line":17,"column":130},"end":{"line":17,"column":158}}],"line":17},"13":{"loc":{"start":{"line":17,"column":33},"end":{"line":17,"column":125}},"type":"cond-expr","locations":[{"start":{"line":17,"column":45},"end":{"line":17,"column":56}},{"start":{"line":17,"column":59},"end":{"line":17,"column":125}}],"line":17},"14":{"loc":{"start":{"line":17,"column":59},"end":{"line":17,"column":125}},"type":"cond-expr","locations":[{"start":{"line":17,"column":67},"end":{"line":17,"column":116}},{"start":{"line":17,"column":119},"end":{"line":17,"column":125}}],"line":17},"15":{"loc":{"start":{"line":17,"column":67},"end":{"line":17,"column":116}},"type":"binary-expr","locations":[{"start":{"line":17,"column":67},"end":{"line":17,"column":77}},{"start":{"line":17,"column":82},"end":{"line":17,"column":115}}],"line":17},"16":{"loc":{"start":{"line":17,"column":82},"end":{"line":17,"column":112}},"type":"binary-expr","locations":[{"start":{"line":17,"column":83},"end":{"line":17,"column":98}},{"start":{"line":17,"column":103},"end":{"line":17,"column":112}}],"line":17},"17":{"loc":{"start":{"line":18,"column":12},"end":{"line":18,"column":52}},"type":"if","locations":[{"start":{"line":18,"column":12},"end":{"line":18,"column":52}},{"start":{},"end":{}}],"line":18},"18":{"loc":{"start":{"line":19,"column":12},"end":{"line":31,"column":13}},"type":"switch","locations":[{"start":{"line":20,"column":16},"end":{"line":20,"column":23}},{"start":{"line":20,"column":24},"end":{"line":20,"column":46}},{"start":{"line":21,"column":16},"end":{"line":21,"column":72}},{"start":{"line":22,"column":16},"end":{"line":22,"column":65}},{"start":{"line":23,"column":16},"end":{"line":23,"column":65}},{"start":{"line":24,"column":16},"end":{"line":30,"column":43}}],"line":19},"19":{"loc":{"start":{"line":25,"column":20},"end":{"line":25,"column":128}},"type":"if","locations":[{"start":{"line":25,"column":20},"end":{"line":25,"column":128}},{"start":{},"end":{}}],"line":25},"20":{"loc":{"start":{"line":25,"column":24},"end":{"line":25,"column":106}},"type":"binary-expr","locations":[{"start":{"line":25,"column":24},"end":{"line":25,"column":74}},{"start":{"line":25,"column":79},"end":{"line":25,"column":90}},{"start":{"line":25,"column":94},"end":{"line":25,"column":105}}],"line":25},"21":{"loc":{"start":{"line":25,"column":42},"end":{"line":25,"column":73}},"type":"binary-expr","locations":[{"start":{"line":25,"column":42},"end":{"line":25,"column":54}},{"start":{"line":25,"column":58},"end":{"line":25,"column":73}}],"line":25},"22":{"loc":{"start":{"line":26,"column":20},"end":{"line":26,"column":106}},"type":"if","locations":[{"start":{"line":26,"column":20},"end":{"line":26,"column":106}},{"start":{},"end":{}}],"line":26},"23":{"loc":{"start":{"line":26,"column":24},"end":{"line":26,"column":77}},"type":"binary-expr","locations":[{"start":{"line":26,"column":24},"end":{"line":26,"column":35}},{"start":{"line":26,"column":40},"end":{"line":26,"column":42}},{"start":{"line":26,"column":47},"end":{"line":26,"column":59}},{"start":{"line":26,"column":63},"end":{"line":26,"column":75}}],"line":26},"24":{"loc":{"start":{"line":27,"column":20},"end":{"line":27,"column":89}},"type":"if","locations":[{"start":{"line":27,"column":20},"end":{"line":27,"column":89}},{"start":{},"end":{}}],"line":27},"25":{"loc":{"start":{"line":27,"column":24},"end":{"line":27,"column":53}},"type":"binary-expr","locations":[{"start":{"line":27,"column":24},"end":{"line":27,"column":35}},{"start":{"line":27,"column":39},"end":{"line":27,"column":53}}],"line":27},"26":{"loc":{"start":{"line":28,"column":20},"end":{"line":28,"column":87}},"type":"if","locations":[{"start":{"line":28,"column":20},"end":{"line":28,"column":87}},{"start":{},"end":{}}],"line":28},"27":{"loc":{"start":{"line":28,"column":24},"end":{"line":28,"column":43}},"type":"binary-expr","locations":[{"start":{"line":28,"column":24},"end":{"line":28,"column":25}},{"start":{"line":28,"column":29},"end":{"line":28,"column":43}}],"line":28},"28":{"loc":{"start":{"line":29,"column":20},"end":{"line":29,"column":42}},"type":"if","locations":[{"start":{"line":29,"column":20},"end":{"line":29,"column":42}},{"start":{},"end":{}}],"line":29},"29":{"loc":{"start":{"line":34,"column":8},"end":{"line":34,"column":35}},"type":"if","locations":[{"start":{"line":34,"column":8},"end":{"line":34,"column":35}},{"start":{},"end":{}}],"line":34},"30":{"loc":{"start":{"line":34,"column":52},"end":{"line":34,"column":74}},"type":"cond-expr","locations":[{"start":{"line":34,"column":60},"end":{"line":34,"column":65}},{"start":{"line":34,"column":68},"end":{"line":34,"column":74}}],"line":34},"31":{"loc":{"start":{"line":40,"column":4},"end":{"line":42,"column":5}},"type":"if","locations":[{"start":{"line":40,"column":4},"end":{"line":42,"column":5}},{"start":{},"end":{}}],"line":40},"32":{"loc":{"start":{"line":53,"column":8},"end":{"line":73,"column":9}},"type":"switch","locations":[{"start":{"line":54,"column":12},"end":{"line":62,"column":75}},{"start":{"line":63,"column":12},"end":{"line":67,"column":23}},{"start":{"line":68,"column":12},"end":{"line":71,"column":64}},{"start":{"line":72,"column":12},"end":{"line":72,"column":42}}],"line":53}},"s":{"0":2,"1":4,"2":4,"3":4,"4":4,"5":4,"6":4,"7":0,"8":0,"9":0,"10":4,"11":4,"12":2,"13":4,"14":8,"15":0,"16":8,"17":4,"18":0,"19":12,"20":8,"21":8,"22":0,"23":8,"24":24,"25":24,"26":0,"27":24,"28":0,"29":24,"30":8,"31":8,"32":4,"33":4,"34":0,"35":0,"36":0,"37":0,"38":0,"39":0,"40":0,"41":12,"42":4,"43":4,"44":8,"45":0,"46":0,"47":8,"48":4,"49":4,"50":4,"51":4,"52":0,"53":0,"54":0,"55":4,"56":0,"57":4,"58":4,"59":12,"60":8,"61":8,"62":24,"63":4,"64":4,"65":0,"66":8,"67":8,"68":0,"69":8,"70":2,"71":2,"72":2,"73":2,"74":2,"75":2,"76":4,"77":4,"78":12,"79":4,"80":4,"81":4,"82":4,"83":4,"84":4,"85":4,"86":4,"87":4,"88":0},"f":{"0":4,"1":4,"2":4,"3":4,"4":4,"5":0,"6":4,"7":4,"8":8,"9":0,"10":12,"11":8,"12":8,"13":8,"14":4,"15":4,"16":12},"b":{"0":[2,0,2],"1":[0,4],"2":[4,4],"3":[0,4],"4":[4,4],"5":[2,0,2],"6":[0,8],"7":[4,4],"8":[0,8],"9":[28,4],"10":[4,0],"11":[0,24],"12":[24,0,0],"13":[0,0],"14":[0,0],"15":[0,0],"16":[0,0],"17":[0,24],"18":[8,8,4,0,0,12],"19":[4,8],"20":[12,4,0],"21":[12,8],"22":[0,8],"23":[8,0,0,0],"24":[4,4],"25":[8,8],"26":[0,4],"27":[4,4],"28":[0,4],"29":[4,0],"30":[0,0],"31":[0,8],"32":[4,4,4,0]},"_coverageSchema":"1a1c01bbd47fc00a2c39e90264f33305004495a9","hash":"5412232a0efe5e30c1bfacbbe27ff912ebb06277"}
,"C:\\Users\\wyj12\\OneDrive\\桌面\\IDEMIA_AWS_Assignment\\aws-backend\\lambda-functions\\AwaitQueryEnds.js": {"path":"C:\\Users\\wyj12\\OneDrive\\桌面\\IDEMIA_AWS_Assignment\\aws-backend\\lambda-functions\\AwaitQueryEnds.js","statementMap":{"0":{"start":{"line":2,"column":16},"end":{"line":10,"column":1}},"1":{"start":{"line":3,"column":28},"end":{"line":3,"column":110}},"2":{"start":{"line":3,"column":91},"end":{"line":3,"column":106}},"3":{"start":{"line":4,"column":4},"end":{"line":9,"column":7}},"4":{"start":{"line":5,"column":36},"end":{"line":5,"column":97}},"5":{"start":{"line":5,"column":42},"end":{"line":5,"column":70}},"6":{"start":{"line":5,"column":85},"end":{"line":5,"column":95}},"7":{"start":{"line":6,"column":35},"end":{"line":6,"column":100}},"8":{"start":{"line":6,"column":41},"end":{"line":6,"column":73}},"9":{"start":{"line":6,"column":88},"end":{"line":6,"column":98}},"10":{"start":{"line":7,"column":32},"end":{"line":7,"column":116}},"11":{"start":{"line":8,"column":8},"end":{"line":8,"column":78}},"12":{"start":{"line":11,"column":18},"end":{"line":37,"column":1}},"13":{"start":{"line":12,"column":12},"end":{"line":12,"column":104}},"14":{"start":{"line":12,"column":43},"end":{"line":12,"column":68}},"15":{"start":{"line":12,"column":57},"end":{"line":12,"column":68}},"16":{"start":{"line":12,"column":69},"end":{"line":12,"column":81}},"17":{"start":{"line":13,"column":4},"end":{"line":13,"column":157}},"18":{"start":{"line":13,"column":138},"end":{"line":13,"column":150}},"19":{"start":{"line":14,"column":23},"end":{"line":14,"column":68}},"20":{"start":{"line":14,"column":45},"end":{"line":14,"column":65}},"21":{"start":{"line":16,"column":8},"end":{"line":16,"column":70}},"22":{"start":{"line":16,"column":15},"end":{"line":16,"column":70}},"23":{"start":{"line":17,"column":8},"end":{"line":34,"column":66}},"24":{"start":{"line":17,"column":50},"end":{"line":34,"column":66}},"25":{"start":{"line":18,"column":12},"end":{"line":18,"column":169}},"26":{"start":{"line":18,"column":160},"end":{"line":18,"column":169}},"27":{"start":{"line":19,"column":12},"end":{"line":19,"column":52}},"28":{"start":{"line":19,"column":26},"end":{"line":19,"column":52}},"29":{"start":{"line":20,"column":12},"end":{"line":32,"column":13}},"30":{"start":{"line":21,"column":32},"end":{"line":21,"column":39}},"31":{"start":{"line":21,"column":40},"end":{"line":21,"column":46}},"32":{"start":{"line":22,"column":24},"end":{"line":22,"column":34}},"33":{"start":{"line":22,"column":35},"end":{"line":22,"column":72}},"34":{"start":{"line":23,"column":24},"end":{"line":23,"column":34}},"35":{"start":{"line":23,"column":35},"end":{"line":23,"column":45}},"36":{"start":{"line":23,"column":46},"end":{"line":23,"column":55}},"37":{"start":{"line":23,"column":56},"end":{"line":23,"column":65}},"38":{"start":{"line":24,"column":24},"end":{"line":24,"column":41}},"39":{"start":{"line":24,"column":42},"end":{"line":24,"column":55}},"40":{"start":{"line":24,"column":56},"end":{"line":24,"column":65}},"41":{"start":{"line":26,"column":20},"end":{"line":26,"column":128}},"42":{"start":{"line":26,"column":110},"end":{"line":26,"column":116}},"43":{"start":{"line":26,"column":117},"end":{"line":26,"column":126}},"44":{"start":{"line":27,"column":20},"end":{"line":27,"column":106}},"45":{"start":{"line":27,"column":81},"end":{"line":27,"column":97}},"46":{"start":{"line":27,"column":98},"end":{"line":27,"column":104}},"47":{"start":{"line":28,"column":20},"end":{"line":28,"column":89}},"48":{"start":{"line":28,"column":57},"end":{"line":28,"column":72}},"49":{"start":{"line":28,"column":73},"end":{"line":28,"column":80}},"50":{"start":{"line":28,"column":81},"end":{"line":28,"column":87}},"51":{"start":{"line":29,"column":20},"end":{"line":29,"column":87}},"52":{"start":{"line":29,"column":47},"end":{"line":29,"column":62}},"53":{"start":{"line":29,"column":63},"end":{"line":29,"column":78}},"54":{"start":{"line":29,"column":79},"end":{"line":29,"column":85}},"55":{"start":{"line":30,"column":20},"end":{"line":30,"column":42}},"56":{"start":{"line":30,"column":30},"end":{"line":30,"column":42}},"57":{"start":{"line":31,"column":20},"end":{"line":31,"column":33}},"58":{"start":{"line":31,"column":34},"end":{"line":31,"column":43}},"59":{"start":{"line":33,"column":12},"end":{"line":33,"column":39}},"60":{"start":{"line":34,"column":22},"end":{"line":34,"column":34}},"61":{"start":{"line":34,"column":35},"end":{"line":34,"column":41}},"62":{"start":{"line":34,"column":54},"end":{"line":34,"column":64}},"63":{"start":{"line":35,"column":8},"end":{"line":35,"column":35}},"64":{"start":{"line":35,"column":23},"end":{"line":35,"column":35}},"65":{"start":{"line":35,"column":36},"end":{"line":35,"column":89}},"66":{"start":{"line":38,"column":10},"end":{"line":38,"column":28}},"67":{"start":{"line":39,"column":26},"end":{"line":51,"column":5}},"68":{"start":{"line":39,"column":56},"end":{"line":51,"column":3}},"69":{"start":{"line":41,"column":4},"end":{"line":50,"column":7}},"70":{"start":{"line":42,"column":8},"end":{"line":49,"column":9}},"71":{"start":{"line":44,"column":16},"end":{"line":44,"column":44}},"72":{"start":{"line":45,"column":16},"end":{"line":45,"column":115}},"73":{"start":{"line":47,"column":16},"end":{"line":47,"column":43}},"74":{"start":{"line":48,"column":16},"end":{"line":48,"column":82}},"75":{"start":{"line":52,"column":12},"end":{"line":52,"column":105}},"76":{"start":{"line":52,"column":28},"end":{"line":52,"column":103}},"77":{"start":{"line":52,"column":68},"end":{"line":52,"column":99}},"78":{"start":{"line":53,"column":0},"end":{"line":97,"column":6}},"79":{"start":{"line":53,"column":37},"end":{"line":97,"column":3}},"80":{"start":{"line":55,"column":4},"end":{"line":96,"column":7}},"81":{"start":{"line":56,"column":8},"end":{"line":95,"column":9}},"82":{"start":{"line":58,"column":16},"end":{"line":58,"column":42}},"83":{"start":{"line":59,"column":16},"end":{"line":59,"column":54}},"84":{"start":{"line":60,"column":16},"end":{"line":60,"column":30}},"85":{"start":{"line":61,"column":16},"end":{"line":61,"column":29}},"86":{"start":{"line":63,"column":16},"end":{"line":63,"column":98}},"87":{"start":{"line":63,"column":74},"end":{"line":63,"column":98}},"88":{"start":{"line":64,"column":16},"end":{"line":64,"column":76}},"89":{"start":{"line":66,"column":16},"end":{"line":66,"column":37}},"90":{"start":{"line":67,"column":16},"end":{"line":67,"column":71}},"91":{"start":{"line":67,"column":47},"end":{"line":67,"column":71}},"92":{"start":{"line":68,"column":16},"end":{"line":68,"column":49}},"93":{"start":{"line":70,"column":16},"end":{"line":70,"column":26}},"94":{"start":{"line":71,"column":16},"end":{"line":71,"column":29}},"95":{"start":{"line":72,"column":20},"end":{"line":72,"column":44}},"96":{"start":{"line":74,"column":16},"end":{"line":85,"column":17}},"97":{"start":{"line":75,"column":20},"end":{"line":78,"column":27}},"98":{"start":{"line":81,"column":20},"end":{"line":84,"column":27}},"99":{"start":{"line":86,"column":16},"end":{"line":86,"column":40}},"100":{"start":{"line":88,"column":16},"end":{"line":88,"column":36}},"101":{"start":{"line":89,"column":16},"end":{"line":89,"column":49}},"102":{"start":{"line":90,"column":16},"end":{"line":93,"column":23}},"103":{"start":{"line":94,"column":20},"end":{"line":94,"column":42}}},"fnMap":{"0":{"name":"(anonymous_0)","decl":{"start":{"line":2,"column":44},"end":{"line":2,"column":45}},"loc":{"start":{"line":2,"column":89},"end":{"line":10,"column":1}},"line":2},"1":{"name":"adopt","decl":{"start":{"line":3,"column":13},"end":{"line":3,"column":18}},"loc":{"start":{"line":3,"column":26},"end":{"line":3,"column":112}},"line":3},"2":{"name":"(anonymous_2)","decl":{"start":{"line":3,"column":70},"end":{"line":3,"column":71}},"loc":{"start":{"line":3,"column":89},"end":{"line":3,"column":108}},"line":3},"3":{"name":"(anonymous_3)","decl":{"start":{"line":4,"column":36},"end":{"line":4,"column":37}},"loc":{"start":{"line":4,"column":63},"end":{"line":9,"column":5}},"line":4},"4":{"name":"fulfilled","decl":{"start":{"line":5,"column":17},"end":{"line":5,"column":26}},"loc":{"start":{"line":5,"column":34},"end":{"line":5,"column":99}},"line":5},"5":{"name":"rejected","decl":{"start":{"line":6,"column":17},"end":{"line":6,"column":25}},"loc":{"start":{"line":6,"column":33},"end":{"line":6,"column":102}},"line":6},"6":{"name":"step","decl":{"start":{"line":7,"column":17},"end":{"line":7,"column":21}},"loc":{"start":{"line":7,"column":30},"end":{"line":7,"column":118}},"line":7},"7":{"name":"(anonymous_7)","decl":{"start":{"line":11,"column":48},"end":{"line":11,"column":49}},"loc":{"start":{"line":11,"column":73},"end":{"line":37,"column":1}},"line":11},"8":{"name":"(anonymous_8)","decl":{"start":{"line":12,"column":30},"end":{"line":12,"column":31}},"loc":{"start":{"line":12,"column":41},"end":{"line":12,"column":83}},"line":12},"9":{"name":"(anonymous_9)","decl":{"start":{"line":13,"column":125},"end":{"line":13,"column":126}},"loc":{"start":{"line":13,"column":136},"end":{"line":13,"column":152}},"line":13},"10":{"name":"verb","decl":{"start":{"line":14,"column":13},"end":{"line":14,"column":17}},"loc":{"start":{"line":14,"column":21},"end":{"line":14,"column":70}},"line":14},"11":{"name":"(anonymous_11)","decl":{"start":{"line":14,"column":30},"end":{"line":14,"column":31}},"loc":{"start":{"line":14,"column":43},"end":{"line":14,"column":67}},"line":14},"12":{"name":"step","decl":{"start":{"line":15,"column":13},"end":{"line":15,"column":17}},"loc":{"start":{"line":15,"column":22},"end":{"line":36,"column":5}},"line":15},"13":{"name":"(anonymous_13)","decl":{"start":{"line":39,"column":26},"end":{"line":39,"column":27}},"loc":{"start":{"line":39,"column":54},"end":{"line":51,"column":5}},"line":39},"14":{"name":"(anonymous_14)","decl":{"start":{"line":39,"column":97},"end":{"line":39,"column":98}},"loc":{"start":{"line":39,"column":109},"end":{"line":51,"column":1}},"line":39},"15":{"name":"(anonymous_15)","decl":{"start":{"line":41,"column":29},"end":{"line":41,"column":30}},"loc":{"start":{"line":41,"column":43},"end":{"line":50,"column":5}},"line":41},"16":{"name":"(anonymous_16)","decl":{"start":{"line":52,"column":12},"end":{"line":52,"column":13}},"loc":{"start":{"line":52,"column":26},"end":{"line":52,"column":105}},"line":52},"17":{"name":"(anonymous_17)","decl":{"start":{"line":52,"column":47},"end":{"line":52,"column":48}},"loc":{"start":{"line":52,"column":66},"end":{"line":52,"column":101}},"line":52},"18":{"name":"(anonymous_18)","decl":{"start":{"line":53,"column":18},"end":{"line":53,"column":19}},"loc":{"start":{"line":53,"column":35},"end":{"line":97,"column":5}},"line":53},"19":{"name":"(anonymous_19)","decl":{"start":{"line":53,"column":78},"end":{"line":53,"column":79}},"loc":{"start":{"line":53,"column":90},"end":{"line":97,"column":1}},"line":53},"20":{"name":"(anonymous_20)","decl":{"start":{"line":55,"column":29},"end":{"line":55,"column":30}},"loc":{"start":{"line":55,"column":43},"end":{"line":96,"column":5}},"line":55}},"branchMap":{"0":{"loc":{"start":{"line":2,"column":16},"end":{"line":10,"column":1}},"type":"binary-expr","locations":[{"start":{"line":2,"column":17},"end":{"line":2,"column":21}},{"start":{"line":2,"column":25},"end":{"line":2,"column":39}},{"start":{"line":2,"column":44},"end":{"line":10,"column":1}}],"line":2},"1":{"loc":{"start":{"line":3,"column":35},"end":{"line":3,"column":109}},"type":"cond-expr","locations":[{"start":{"line":3,"column":56},"end":{"line":3,"column":61}},{"start":{"line":3,"column":64},"end":{"line":3,"column":109}}],"line":3},"2":{"loc":{"start":{"line":4,"column":16},"end":{"line":4,"column":34}},"type":"binary-expr","locations":[{"start":{"line":4,"column":16},"end":{"line":4,"column":17}},{"start":{"line":4,"column":22},"end":{"line":4,"column":33}}],"line":4},"3":{"loc":{"start":{"line":7,"column":32},"end":{"line":7,"column":115}},"type":"cond-expr","locations":[{"start":{"line":7,"column":46},"end":{"line":7,"column":67}},{"start":{"line":7,"column":70},"end":{"line":7,"column":115}}],"line":7},"4":{"loc":{"start":{"line":8,"column":51},"end":{"line":8,"column":67}},"type":"binary-expr","locations":[{"start":{"line":8,"column":51},"end":{"line":8,"column":61}},{"start":{"line":8,"column":65},"end":{"line":8,"column":67}}],"line":8},"5":{"loc":{"start":{"line":11,"column":18},"end":{"line":37,"column":1}},"type":"binary-expr","locations":[{"start":{"line":11,"column":19},"end":{"line":11,"column":23}},{"start":{"line":11,"column":27},"end":{"line":11,"column":43}},{"start":{"line":11,"column":48},"end":{"line":37,"column":1}}],"line":11},"6":{"loc":{"start":{"line":12,"column":43},"end":{"line":12,"column":68}},"type":"if","locations":[{"start":{"line":12,"column":43},"end":{"line":12,"column":68}},{"start":{},"end":{}}],"line":12},"7":{"loc":{"start":{"line":13,"column":71},"end":{"line":13,"column":153}},"type":"binary-expr","locations":[{"start":{"line":13,"column":71},"end":{"line":13,"column":99}},{"start":{"line":13,"column":104},"end":{"line":13,"column":152}}],"line":13},"8":{"loc":{"start":{"line":16,"column":8},"end":{"line":16,"column":70}},"type":"if","locations":[{"start":{"line":16,"column":8},"end":{"line":16,"column":70}},{"start":{},"end":{}}],"line":16},"9":{"loc":{"start":{"line":17,"column":15},"end":{"line":17,"column":45}},"type":"binary-expr","locations":[{"start":{"line":17,"column":15},"end":{"line":17,"column":16}},{"start":{"line":17,"column":21},"end":{"line":17,"column":44}}],"line":17},"10":{"loc":{"start":{"line":17,"column":28},"end":{"line":17,"column":44}},"type":"binary-expr","locations":[{"start":{"line":17,"column":28},"end":{"line":17,"column":33}},{"start":{"line":17,"column":38},"end":{"line":17,"column":43}}],"line":17},"11":{"loc":{"start":{"line":18,"column":12},"end":{"line":18,"column":169}},"type":"if","locations":[{"start":{"line":18,"column":12},"end":{"line":18,"column":169}},{"start":{},"end":{}}],"line":18},"12":{"loc":{"start":{"line":18,"column":23},"end":{"line":18,"column":158}},"type":"binary-expr","locations":[{"start":{"line":18,"column":23},"end":{"line":18,"column":24}},{"start":{"line":18,"column":29},"end":{"line":18,"column":125}},{"start":{"line":18,"column":130},"end":{"line":18,"column":158}}],"line":18},"13":{"loc":{"start":{"line":18,"column":33},"end":{"line":18,"column":125}},"type":"cond-expr","locations":[{"start":{"line":18,"column":45},"end":{"line":18,"column":56}},{"start":{"line":18,"column":59},"end":{"line":18,"column":125}}],"line":18},"14":{"loc":{"start":{"line":18,"column":59},"end":{"line":18,"column":125}},"type":"cond-expr","locations":[{"start":{"line":18,"column":67},"end":{"line":18,"column":116}},{"start":{"line":18,"column":119},"end":{"line":18,"column":125}}],"line":18},"15":{"loc":{"start":{"line":18,"column":67},"end":{"line":18,"column":116}},"type":"binary-expr","locations":[{"start":{"line":18,"column":67},"end":{"line":18,"column":77}},{"start":{"line":18,"column":82},"end":{"line":18,"column":115}}],"line":18},"16":{"loc":{"start":{"line":18,"column":82},"end":{"line":18,"column":112}},"type":"binary-expr","locations":[{"start":{"line":18,"column":83},"end":{"line":18,"column":98}},{"start":{"line":18,"column":103},"end":{"line":18,"column":112}}],"line":18},"17":{"loc":{"start":{"line":19,"column":12},"end":{"line":19,"column":52}},"type":"if","locations":[{"start":{"line":19,"column":12},"end":{"line":19,"column":52}},{"start":{},"end":{}}],"line":19},"18":{"loc":{"start":{"line":20,"column":12},"end":{"line":32,"column":13}},"type":"switch","locations":[{"start":{"line":21,"column":16},"end":{"line":21,"column":23}},{"start":{"line":21,"column":24},"end":{"line":21,"column":46}},{"start":{"line":22,"column":16},"end":{"line":22,"column":72}},{"start":{"line":23,"column":16},"end":{"line":23,"column":65}},{"start":{"line":24,"column":16},"end":{"line":24,"column":65}},{"start":{"line":25,"column":16},"end":{"line":31,"column":43}}],"line":20},"19":{"loc":{"start":{"line":26,"column":20},"end":{"line":26,"column":128}},"type":"if","locations":[{"start":{"line":26,"column":20},"end":{"line":26,"column":128}},{"start":{},"end":{}}],"line":26},"20":{"loc":{"start":{"line":26,"column":24},"end":{"line":26,"column":106}},"type":"binary-expr","locations":[{"start":{"line":26,"column":24},"end":{"line":26,"column":74}},{"start":{"line":26,"column":79},"end":{"line":26,"column":90}},{"start":{"line":26,"column":94},"end":{"line":26,"column":105}}],"line":26},"21":{"loc":{"start":{"line":26,"column":42},"end":{"line":26,"column":73}},"type":"binary-expr","locations":[{"start":{"line":26,"column":42},"end":{"line":26,"column":54}},{"start":{"line":26,"column":58},"end":{"line":26,"column":73}}],"line":26},"22":{"loc":{"start":{"line":27,"column":20},"end":{"line":27,"column":106}},"type":"if","locations":[{"start":{"line":27,"column":20},"end":{"line":27,"column":106}},{"start":{},"end":{}}],"line":27},"23":{"loc":{"start":{"line":27,"column":24},"end":{"line":27,"column":77}},"type":"binary-expr","locations":[{"start":{"line":27,"column":24},"end":{"line":27,"column":35}},{"start":{"line":27,"column":40},"end":{"line":27,"column":42}},{"start":{"line":27,"column":47},"end":{"line":27,"column":59}},{"start":{"line":27,"column":63},"end":{"line":27,"column":75}}],"line":27},"24":{"loc":{"start":{"line":28,"column":20},"end":{"line":28,"column":89}},"type":"if","locations":[{"start":{"line":28,"column":20},"end":{"line":28,"column":89}},{"start":{},"end":{}}],"line":28},"25":{"loc":{"start":{"line":28,"column":24},"end":{"line":28,"column":53}},"type":"binary-expr","locations":[{"start":{"line":28,"column":24},"end":{"line":28,"column":35}},{"start":{"line":28,"column":39},"end":{"line":28,"column":53}}],"line":28},"26":{"loc":{"start":{"line":29,"column":20},"end":{"line":29,"column":87}},"type":"if","locations":[{"start":{"line":29,"column":20},"end":{"line":29,"column":87}},{"start":{},"end":{}}],"line":29},"27":{"loc":{"start":{"line":29,"column":24},"end":{"line":29,"column":43}},"type":"binary-expr","locations":[{"start":{"line":29,"column":24},"end":{"line":29,"column":25}},{"start":{"line":29,"column":29},"end":{"line":29,"column":43}}],"line":29},"28":{"loc":{"start":{"line":30,"column":20},"end":{"line":30,"column":42}},"type":"if","locations":[{"start":{"line":30,"column":20},"end":{"line":30,"column":42}},{"start":{},"end":{}}],"line":30},"29":{"loc":{"start":{"line":35,"column":8},"end":{"line":35,"column":35}},"type":"if","locations":[{"start":{"line":35,"column":8},"end":{"line":35,"column":35}},{"start":{},"end":{}}],"line":35},"30":{"loc":{"start":{"line":35,"column":52},"end":{"line":35,"column":74}},"type":"cond-expr","locations":[{"start":{"line":35,"column":60},"end":{"line":35,"column":65}},{"start":{"line":35,"column":68},"end":{"line":35,"column":74}}],"line":35},"31":{"loc":{"start":{"line":42,"column":8},"end":{"line":49,"column":9}},"type":"switch","locations":[{"start":{"line":43,"column":12},"end":{"line":45,"column":115}},{"start":{"line":46,"column":12},"end":{"line":48,"column":82}}],"line":42},"32":{"loc":{"start":{"line":56,"column":8},"end":{"line":95,"column":9}},"type":"switch","locations":[{"start":{"line":57,"column":12},"end":{"line":61,"column":29}},{"start":{"line":62,"column":12},"end":{"line":64,"column":76}},{"start":{"line":65,"column":12},"end":{"line":68,"column":49}},{"start":{"line":69,"column":12},"end":{"line":71,"column":29}},{"start":{"line":72,"column":12},"end":{"line":72,"column":44}},{"start":{"line":73,"column":12},"end":{"line":86,"column":40}},{"start":{"line":87,"column":12},"end":{"line":93,"column":23}},{"start":{"line":94,"column":12},"end":{"line":94,"column":42}}],"line":56},"33":{"loc":{"start":{"line":63,"column":16},"end":{"line":63,"column":98}},"type":"if","locations":[{"start":{"line":63,"column":16},"end":{"line":63,"column":98}},{"start":{},"end":{}}],"line":63},"34":{"loc":{"start":{"line":63,"column":22},"end":{"line":63,"column":71}},"type":"binary-expr","locations":[{"start":{"line":63,"column":22},"end":{"line":63,"column":46}},{"start":{"line":63,"column":50},"end":{"line":63,"column":71}}],"line":63},"35":{"loc":{"start":{"line":67,"column":16},"end":{"line":67,"column":71}},"type":"if","locations":[{"start":{"line":67,"column":16},"end":{"line":67,"column":71}},{"start":{},"end":{}}],"line":67},"36":{"loc":{"start":{"line":74,"column":16},"end":{"line":85,"column":17}},"type":"if","locations":[{"start":{"line":74,"column":16},"end":{"line":85,"column":17}},{"start":{"line":80,"column":21},"end":{"line":85,"column":17}}],"line":74}},"s":{"0":2,"1":8,"2":0,"3":8,"4":8,"5":8,"6":0,"7":0,"8":0,"9":0,"10":16,"11":8,"12":2,"13":8,"14":8,"15":0,"16":8,"17":8,"18":0,"19":24,"20":16,"21":16,"22":0,"23":16,"24":48,"25":48,"26":0,"27":48,"28":0,"29":48,"30":16,"31":16,"32":8,"33":8,"34":0,"35":0,"36":0,"37":0,"38":0,"39":0,"40":0,"41":24,"42":8,"43":8,"44":16,"45":12,"46":12,"47":4,"48":0,"49":0,"50":0,"51":4,"52":0,"53":0,"54":0,"55":4,"56":0,"57":4,"58":4,"59":28,"60":0,"61":0,"62":48,"63":8,"64":0,"65":8,"66":2,"67":2,"68":4,"69":4,"70":8,"71":4,"72":4,"73":4,"74":4,"75":2,"76":0,"77":0,"78":2,"79":4,"80":4,"81":20,"82":4,"83":4,"84":4,"85":4,"86":8,"87":4,"88":4,"89":4,"90":4,"91":4,"92":0,"93":0,"94":0,"95":4,"96":4,"97":2,"98":2,"99":0,"100":0,"101":0,"102":0,"103":0},"f":{"0":8,"1":8,"2":0,"3":8,"4":8,"5":0,"6":16,"7":8,"8":8,"9":0,"10":24,"11":16,"12":16,"13":4,"14":4,"15":8,"16":0,"17":0,"18":4,"19":4,"20":20},"b":{"0":[2,0,2],"1":[8,0],"2":[8,8],"3":[8,8],"4":[8,8],"5":[2,0,2],"6":[0,8],"7":[8,8],"8":[0,16],"9":[56,8],"10":[8,0],"11":[0,48],"12":[48,0,0],"13":[0,0],"14":[0,0],"15":[0,0],"16":[0,0],"17":[0,48],"18":[16,16,8,0,0,24],"19":[8,16],"20":[24,8,8],"21":[24,16],"22":[12,4],"23":[16,12,12,12],"24":[0,4],"25":[4,0],"26":[0,4],"27":[4,4],"28":[0,4],"29":[0,8],"30":[8,0],"31":[4,4],"32":[4,8,4,0,4,4,0,0],"33":[4,4],"34":[8,6],"35":[4,0],"36":[2,2]},"_coverageSchema":"1a1c01bbd47fc00a2c39e90264f33305004495a9","hash":"0128c2b17c22432f74e3f48e963a38dfc959fe8d"}
,"C:\\Users\\wyj12\\OneDrive\\桌面\\IDEMIA_AWS_Assignment\\aws-backend\\lambda-functions\\FetchResult.js": {"path":"C:\\Users\\wyj12\\OneDrive\\桌面\\IDEMIA_AWS_Assignment\\aws-backend\\lambda-functions\\FetchResult.js","statementMap":{"0":{"start":{"line":2,"column":16},"end":{"line":10,"column":1}},"1":{"start":{"line":3,"column":28},"end":{"line":3,"column":110}},"2":{"start":{"line":3,"column":91},"end":{"line":3,"column":106}},"3":{"start":{"line":4,"column":4},"end":{"line":9,"column":7}},"4":{"start":{"line":5,"column":36},"end":{"line":5,"column":97}},"5":{"start":{"line":5,"column":42},"end":{"line":5,"column":70}},"6":{"start":{"line":5,"column":85},"end":{"line":5,"column":95}},"7":{"start":{"line":6,"column":35},"end":{"line":6,"column":100}},"8":{"start":{"line":6,"column":41},"end":{"line":6,"column":73}},"9":{"start":{"line":6,"column":88},"end":{"line":6,"column":98}},"10":{"start":{"line":7,"column":32},"end":{"line":7,"column":116}},"11":{"start":{"line":8,"column":8},"end":{"line":8,"column":78}},"12":{"start":{"line":11,"column":18},"end":{"line":37,"column":1}},"13":{"start":{"line":12,"column":12},"end":{"line":12,"column":104}},"14":{"start":{"line":12,"column":43},"end":{"line":12,"column":68}},"15":{"start":{"line":12,"column":57},"end":{"line":12,"column":68}},"16":{"start":{"line":12,"column":69},"end":{"line":12,"column":81}},"17":{"start":{"line":13,"column":4},"end":{"line":13,"column":157}},"18":{"start":{"line":13,"column":138},"end":{"line":13,"column":150}},"19":{"start":{"line":14,"column":23},"end":{"line":14,"column":68}},"20":{"start":{"line":14,"column":45},"end":{"line":14,"column":65}},"21":{"start":{"line":16,"column":8},"end":{"line":16,"column":70}},"22":{"start":{"line":16,"column":15},"end":{"line":16,"column":70}},"23":{"start":{"line":17,"column":8},"end":{"line":34,"column":66}},"24":{"start":{"line":17,"column":50},"end":{"line":34,"column":66}},"25":{"start":{"line":18,"column":12},"end":{"line":18,"column":169}},"26":{"start":{"line":18,"column":160},"end":{"line":18,"column":169}},"27":{"start":{"line":19,"column":12},"end":{"line":19,"column":52}},"28":{"start":{"line":19,"column":26},"end":{"line":19,"column":52}},"29":{"start":{"line":20,"column":12},"end":{"line":32,"column":13}},"30":{"start":{"line":21,"column":32},"end":{"line":21,"column":39}},"31":{"start":{"line":21,"column":40},"end":{"line":21,"column":46}},"32":{"start":{"line":22,"column":24},"end":{"line":22,"column":34}},"33":{"start":{"line":22,"column":35},"end":{"line":22,"column":72}},"34":{"start":{"line":23,"column":24},"end":{"line":23,"column":34}},"35":{"start":{"line":23,"column":35},"end":{"line":23,"column":45}},"36":{"start":{"line":23,"column":46},"end":{"line":23,"column":55}},"37":{"start":{"line":23,"column":56},"end":{"line":23,"column":65}},"38":{"start":{"line":24,"column":24},"end":{"line":24,"column":41}},"39":{"start":{"line":24,"column":42},"end":{"line":24,"column":55}},"40":{"start":{"line":24,"column":56},"end":{"line":24,"column":65}},"41":{"start":{"line":26,"column":20},"end":{"line":26,"column":128}},"42":{"start":{"line":26,"column":110},"end":{"line":26,"column":116}},"43":{"start":{"line":26,"column":117},"end":{"line":26,"column":126}},"44":{"start":{"line":27,"column":20},"end":{"line":27,"column":106}},"45":{"start":{"line":27,"column":81},"end":{"line":27,"column":97}},"46":{"start":{"line":27,"column":98},"end":{"line":27,"column":104}},"47":{"start":{"line":28,"column":20},"end":{"line":28,"column":89}},"48":{"start":{"line":28,"column":57},"end":{"line":28,"column":72}},"49":{"start":{"line":28,"column":73},"end":{"line":28,"column":80}},"50":{"start":{"line":28,"column":81},"end":{"line":28,"column":87}},"51":{"start":{"line":29,"column":20},"end":{"line":29,"column":87}},"52":{"start":{"line":29,"column":47},"end":{"line":29,"column":62}},"53":{"start":{"line":29,"column":63},"end":{"line":29,"column":78}},"54":{"start":{"line":29,"column":79},"end":{"line":29,"column":85}},"55":{"start":{"line":30,"column":20},"end":{"line":30,"column":42}},"56":{"start":{"line":30,"column":30},"end":{"line":30,"column":42}},"57":{"start":{"line":31,"column":20},"end":{"line":31,"column":33}},"58":{"start":{"line":31,"column":34},"end":{"line":31,"column":43}},"59":{"start":{"line":33,"column":12},"end":{"line":33,"column":39}},"60":{"start":{"line":34,"column":22},"end":{"line":34,"column":34}},"61":{"start":{"line":34,"column":35},"end":{"line":34,"column":41}},"62":{"start":{"line":34,"column":54},"end":{"line":34,"column":64}},"63":{"start":{"line":35,"column":8},"end":{"line":35,"column":35}},"64":{"start":{"line":35,"column":23},"end":{"line":35,"column":35}},"65":{"start":{"line":35,"column":36},"end":{"line":35,"column":89}},"66":{"start":{"line":38,"column":10},"end":{"line":38,"column":28}},"67":{"start":{"line":39,"column":22},"end":{"line":49,"column":5}},"68":{"start":{"line":39,"column":52},"end":{"line":49,"column":3}},"69":{"start":{"line":41,"column":4},"end":{"line":48,"column":7}},"70":{"start":{"line":42,"column":8},"end":{"line":47,"column":9}},"71":{"start":{"line":44,"column":16},"end":{"line":44,"column":42}},"72":{"start":{"line":45,"column":16},"end":{"line":45,"column":111}},"73":{"start":{"line":46,"column":20},"end":{"line":46,"column":53}},"74":{"start":{"line":50,"column":0},"end":{"line":74,"column":6}},"75":{"start":{"line":50,"column":37},"end":{"line":74,"column":3}},"76":{"start":{"line":52,"column":4},"end":{"line":73,"column":7}},"77":{"start":{"line":53,"column":8},"end":{"line":72,"column":9}},"78":{"start":{"line":55,"column":16},"end":{"line":55,"column":42}},"79":{"start":{"line":56,"column":16},"end":{"line":56,"column":54}},"80":{"start":{"line":57,"column":16},"end":{"line":57,"column":72}},"81":{"start":{"line":59,"column":16},"end":{"line":59,"column":36}},"82":{"start":{"line":60,"column":16},"end":{"line":63,"column":23}},"83":{"start":{"line":65,"column":16},"end":{"line":65,"column":36}},"84":{"start":{"line":66,"column":16},"end":{"line":66,"column":49}},"85":{"start":{"line":67,"column":16},"end":{"line":70,"column":23}},"86":{"start":{"line":71,"column":20},"end":{"line":71,"column":42}}},"fnMap":{"0":{"name":"(anonymous_0)","decl":{"start":{"line":2,"column":44},"end":{"line":2,"column":45}},"loc":{"start":{"line":2,"column":89},"end":{"line":10,"column":1}},"line":2},"1":{"name":"adopt","decl":{"start":{"line":3,"column":13},"end":{"line":3,"column":18}},"loc":{"start":{"line":3,"column":26},"end":{"line":3,"column":112}},"line":3},"2":{"name":"(anonymous_2)","decl":{"start":{"line":3,"column":70},"end":{"line":3,"column":71}},"loc":{"start":{"line":3,"column":89},"end":{"line":3,"column":108}},"line":3},"3":{"name":"(anonymous_3)","decl":{"start":{"line":4,"column":36},"end":{"line":4,"column":37}},"loc":{"start":{"line":4,"column":63},"end":{"line":9,"column":5}},"line":4},"4":{"name":"fulfilled","decl":{"start":{"line":5,"column":17},"end":{"line":5,"column":26}},"loc":{"start":{"line":5,"column":34},"end":{"line":5,"column":99}},"line":5},"5":{"name":"rejected","decl":{"start":{"line":6,"column":17},"end":{"line":6,"column":25}},"loc":{"start":{"line":6,"column":33},"end":{"line":6,"column":102}},"line":6},"6":{"name":"step","decl":{"start":{"line":7,"column":17},"end":{"line":7,"column":21}},"loc":{"start":{"line":7,"column":30},"end":{"line":7,"column":118}},"line":7},"7":{"name":"(anonymous_7)","decl":{"start":{"line":11,"column":48},"end":{"line":11,"column":49}},"loc":{"start":{"line":11,"column":73},"end":{"line":37,"column":1}},"line":11},"8":{"name":"(anonymous_8)","decl":{"start":{"line":12,"column":30},"end":{"line":12,"column":31}},"loc":{"start":{"line":12,"column":41},"end":{"line":12,"column":83}},"line":12},"9":{"name":"(anonymous_9)","decl":{"start":{"line":13,"column":125},"end":{"line":13,"column":126}},"loc":{"start":{"line":13,"column":136},"end":{"line":13,"column":152}},"line":13},"10":{"name":"verb","decl":{"start":{"line":14,"column":13},"end":{"line":14,"column":17}},"loc":{"start":{"line":14,"column":21},"end":{"line":14,"column":70}},"line":14},"11":{"name":"(anonymous_11)","decl":{"start":{"line":14,"column":30},"end":{"line":14,"column":31}},"loc":{"start":{"line":14,"column":43},"end":{"line":14,"column":67}},"line":14},"12":{"name":"step","decl":{"start":{"line":15,"column":13},"end":{"line":15,"column":17}},"loc":{"start":{"line":15,"column":22},"end":{"line":36,"column":5}},"line":15},"13":{"name":"(anonymous_13)","decl":{"start":{"line":39,"column":22},"end":{"line":39,"column":23}},"loc":{"start":{"line":39,"column":50},"end":{"line":49,"column":5}},"line":39},"14":{"name":"(anonymous_14)","decl":{"start":{"line":39,"column":93},"end":{"line":39,"column":94}},"loc":{"start":{"line":39,"column":105},"end":{"line":49,"column":1}},"line":39},"15":{"name":"(anonymous_15)","decl":{"start":{"line":41,"column":29},"end":{"line":41,"column":30}},"loc":{"start":{"line":41,"column":43},"end":{"line":48,"column":5}},"line":41},"16":{"name":"(anonymous_16)","decl":{"start":{"line":50,"column":18},"end":{"line":50,"column":19}},"loc":{"start":{"line":50,"column":35},"end":{"line":74,"column":5}},"line":50},"17":{"name":"(anonymous_17)","decl":{"start":{"line":50,"column":78},"end":{"line":50,"column":79}},"loc":{"start":{"line":50,"column":90},"end":{"line":74,"column":1}},"line":50},"18":{"name":"(anonymous_18)","decl":{"start":{"line":52,"column":29},"end":{"line":52,"column":30}},"loc":{"start":{"line":52,"column":43},"end":{"line":73,"column":5}},"line":52}},"branchMap":{"0":{"loc":{"start":{"line":2,"column":16},"end":{"line":10,"column":1}},"type":"binary-expr","locations":[{"start":{"line":2,"column":17},"end":{"line":2,"column":21}},{"start":{"line":2,"column":25},"end":{"line":2,"column":39}},{"start":{"line":2,"column":44},"end":{"line":10,"column":1}}],"line":2},"1":{"loc":{"start":{"line":3,"column":35},"end":{"line":3,"column":109}},"type":"cond-expr","locations":[{"start":{"line":3,"column":56},"end":{"line":3,"column":61}},{"start":{"line":3,"column":64},"end":{"line":3,"column":109}}],"line":3},"2":{"loc":{"start":{"line":4,"column":16},"end":{"line":4,"column":34}},"type":"binary-expr","locations":[{"start":{"line":4,"column":16},"end":{"line":4,"column":17}},{"start":{"line":4,"column":22},"end":{"line":4,"column":33}}],"line":4},"3":{"loc":{"start":{"line":7,"column":32},"end":{"line":7,"column":115}},"type":"cond-expr","locations":[{"start":{"line":7,"column":46},"end":{"line":7,"column":67}},{"start":{"line":7,"column":70},"end":{"line":7,"column":115}}],"line":7},"4":{"loc":{"start":{"line":8,"column":51},"end":{"line":8,"column":67}},"type":"binary-expr","locations":[{"start":{"line":8,"column":51},"end":{"line":8,"column":61}},{"start":{"line":8,"column":65},"end":{"line":8,"column":67}}],"line":8},"5":{"loc":{"start":{"line":11,"column":18},"end":{"line":37,"column":1}},"type":"binary-expr","locations":[{"start":{"line":11,"column":19},"end":{"line":11,"column":23}},{"start":{"line":11,"column":27},"end":{"line":11,"column":43}},{"start":{"line":11,"column":48},"end":{"line":37,"column":1}}],"line":11},"6":{"loc":{"start":{"line":12,"column":43},"end":{"line":12,"column":68}},"type":"if","locations":[{"start":{"line":12,"column":43},"end":{"line":12,"column":68}},{"start":{},"end":{}}],"line":12},"7":{"loc":{"start":{"line":13,"column":71},"end":{"line":13,"column":153}},"type":"binary-expr","locations":[{"start":{"line":13,"column":71},"end":{"line":13,"column":99}},{"start":{"line":13,"column":104},"end":{"line":13,"column":152}}],"line":13},"8":{"loc":{"start":{"line":16,"column":8},"end":{"line":16,"column":70}},"type":"if","locations":[{"start":{"line":16,"column":8},"end":{"line":16,"column":70}},{"start":{},"end":{}}],"line":16},"9":{"loc":{"start":{"line":17,"column":15},"end":{"line":17,"column":45}},"type":"binary-expr","locations":[{"start":{"line":17,"column":15},"end":{"line":17,"column":16}},{"start":{"line":17,"column":21},"end":{"line":17,"column":44}}],"line":17},"10":{"loc":{"start":{"line":17,"column":28},"end":{"line":17,"column":44}},"type":"binary-expr","locations":[{"start":{"line":17,"column":28},"end":{"line":17,"column":33}},{"start":{"line":17,"column":38},"end":{"line":17,"column":43}}],"line":17},"11":{"loc":{"start":{"line":18,"column":12},"end":{"line":18,"column":169}},"type":"if","locations":[{"start":{"line":18,"column":12},"end":{"line":18,"column":169}},{"start":{},"end":{}}],"line":18},"12":{"loc":{"start":{"line":18,"column":23},"end":{"line":18,"column":158}},"type":"binary-expr","locations":[{"start":{"line":18,"column":23},"end":{"line":18,"column":24}},{"start":{"line":18,"column":29},"end":{"line":18,"column":125}},{"start":{"line":18,"column":130},"end":{"line":18,"column":158}}],"line":18},"13":{"loc":{"start":{"line":18,"column":33},"end":{"line":18,"column":125}},"type":"cond-expr","locations":[{"start":{"line":18,"column":45},"end":{"line":18,"column":56}},{"start":{"line":18,"column":59},"end":{"line":18,"column":125}}],"line":18},"14":{"loc":{"start":{"line":18,"column":59},"end":{"line":18,"column":125}},"type":"cond-expr","locations":[{"start":{"line":18,"column":67},"end":{"line":18,"column":116}},{"start":{"line":18,"column":119},"end":{"line":18,"column":125}}],"line":18},"15":{"loc":{"start":{"line":18,"column":67},"end":{"line":18,"column":116}},"type":"binary-expr","locations":[{"start":{"line":18,"column":67},"end":{"line":18,"column":77}},{"start":{"line":18,"column":82},"end":{"line":18,"column":115}}],"line":18},"16":{"loc":{"start":{"line":18,"column":82},"end":{"line":18,"column":112}},"type":"binary-expr","locations":[{"start":{"line":18,"column":83},"end":{"line":18,"column":98}},{"start":{"line":18,"column":103},"end":{"line":18,"column":112}}],"line":18},"17":{"loc":{"start":{"line":19,"column":12},"end":{"line":19,"column":52}},"type":"if","locations":[{"start":{"line":19,"column":12},"end":{"line":19,"column":52}},{"start":{},"end":{}}],"line":19},"18":{"loc":{"start":{"line":20,"column":12},"end":{"line":32,"column":13}},"type":"switch","locations":[{"start":{"line":21,"column":16},"end":{"line":21,"column":23}},{"start":{"line":21,"column":24},"end":{"line":21,"column":46}},{"start":{"line":22,"column":16},"end":{"line":22,"column":72}},{"start":{"line":23,"column":16},"end":{"line":23,"column":65}},{"start":{"line":24,"column":16},"end":{"line":24,"column":65}},{"start":{"line":25,"column":16},"end":{"line":31,"column":43}}],"line":20},"19":{"loc":{"start":{"line":26,"column":20},"end":{"line":26,"column":128}},"type":"if","locations":[{"start":{"line":26,"column":20},"end":{"line":26,"column":128}},{"start":{},"end":{}}],"line":26},"20":{"loc":{"start":{"line":26,"column":24},"end":{"line":26,"column":106}},"type":"binary-expr","locations":[{"start":{"line":26,"column":24},"end":{"line":26,"column":74}},{"start":{"line":26,"column":79},"end":{"line":26,"column":90}},{"start":{"line":26,"column":94},"end":{"line":26,"column":105}}],"line":26},"21":{"loc":{"start":{"line":26,"column":42},"end":{"line":26,"column":73}},"type":"binary-expr","locations":[{"start":{"line":26,"column":42},"end":{"line":26,"column":54}},{"start":{"line":26,"column":58},"end":{"line":26,"column":73}}],"line":26},"22":{"loc":{"start":{"line":27,"column":20},"end":{"line":27,"column":106}},"type":"if","locations":[{"start":{"line":27,"column":20},"end":{"line":27,"column":106}},{"start":{},"end":{}}],"line":27},"23":{"loc":{"start":{"line":27,"column":24},"end":{"line":27,"column":77}},"type":"binary-expr","locations":[{"start":{"line":27,"column":24},"end":{"line":27,"column":35}},{"start":{"line":27,"column":40},"end":{"line":27,"column":42}},{"start":{"line":27,"column":47},"end":{"line":27,"column":59}},{"start":{"line":27,"column":63},"end":{"line":27,"column":75}}],"line":27},"24":{"loc":{"start":{"line":28,"column":20},"end":{"line":28,"column":89}},"type":"if","locations":[{"start":{"line":28,"column":20},"end":{"line":28,"column":89}},{"start":{},"end":{}}],"line":28},"25":{"loc":{"start":{"line":28,"column":24},"end":{"line":28,"column":53}},"type":"binary-expr","locations":[{"start":{"line":28,"column":24},"end":{"line":28,"column":35}},{"start":{"line":28,"column":39},"end":{"line":28,"column":53}}],"line":28},"26":{"loc":{"start":{"line":29,"column":20},"end":{"line":29,"column":87}},"type":"if","locations":[{"start":{"line":29,"column":20},"end":{"line":29,"column":87}},{"start":{},"end":{}}],"line":29},"27":{"loc":{"start":{"line":29,"column":24},"end":{"line":29,"column":43}},"type":"binary-expr","locations":[{"start":{"line":29,"column":24},"end":{"line":29,"column":25}},{"start":{"line":29,"column":29},"end":{"line":29,"column":43}}],"line":29},"28":{"loc":{"start":{"line":30,"column":20},"end":{"line":30,"column":42}},"type":"if","locations":[{"start":{"line":30,"column":20},"end":{"line":30,"column":42}},{"start":{},"end":{}}],"line":30},"29":{"loc":{"start":{"line":35,"column":8},"end":{"line":35,"column":35}},"type":"if","locations":[{"start":{"line":35,"column":8},"end":{"line":35,"column":35}},{"start":{},"end":{}}],"line":35},"30":{"loc":{"start":{"line":35,"column":52},"end":{"line":35,"column":74}},"type":"cond-expr","locations":[{"start":{"line":35,"column":60},"end":{"line":35,"column":65}},{"start":{"line":35,"column":68},"end":{"line":35,"column":74}}],"line":35},"31":{"loc":{"start":{"line":42,"column":8},"end":{"line":47,"column":9}},"type":"switch","locations":[{"start":{"line":43,"column":12},"end":{"line":45,"column":111}},{"start":{"line":46,"column":12},"end":{"line":46,"column":53}}],"line":42},"32":{"loc":{"start":{"line":53,"column":8},"end":{"line":72,"column":9}},"type":"switch","locations":[{"start":{"line":54,"column":12},"end":{"line":57,"column":72}},{"start":{"line":58,"column":12},"end":{"line":63,"column":23}},{"start":{"line":64,"column":12},"end":{"line":70,"column":23}},{"start":{"line":71,"column":12},"end":{"line":71,"column":42}}],"line":53}},"s":{"0":2,"1":8,"2":0,"3":8,"4":4,"5":4,"6":0,"7":4,"8":4,"9":2,"10":14,"11":8,"12":2,"13":8,"14":10,"15":4,"16":6,"17":8,"18":0,"19":24,"20":16,"21":16,"22":0,"23":16,"24":38,"25":38,"26":0,"27":38,"28":0,"29":38,"30":16,"31":16,"32":8,"33":8,"34":0,"35":0,"36":0,"37":0,"38":0,"39":0,"40":0,"41":14,"42":8,"43":8,"44":6,"45":0,"46":0,"47":6,"48":2,"49":2,"50":2,"51":4,"52":0,"53":0,"54":0,"55":4,"56":0,"57":4,"58":4,"59":18,"60":4,"61":4,"62":38,"63":8,"64":2,"65":6,"66":2,"67":2,"68":4,"69":4,"70":8,"71":4,"72":4,"73":4,"74":2,"75":4,"76":4,"77":10,"78":4,"79":4,"80":4,"81":4,"82":2,"83":2,"84":2,"85":2,"86":0},"f":{"0":8,"1":8,"2":0,"3":8,"4":4,"5":4,"6":14,"7":8,"8":10,"9":0,"10":24,"11":16,"12":16,"13":4,"14":4,"15":8,"16":4,"17":4,"18":10},"b":{"0":[2,0,2],"1":[8,0],"2":[8,8],"3":[6,8],"4":[8,8],"5":[2,0,2],"6":[4,6],"7":[8,8],"8":[0,16],"9":[46,8],"10":[8,0],"11":[0,38],"12":[38,0,0],"13":[0,0],"14":[0,0],"15":[0,0],"16":[0,0],"17":[0,38],"18":[12,16,8,0,0,14],"19":[8,6],"20":[14,8,6],"21":[14,6],"22":[0,6],"23":[6,0,0,0],"24":[2,4],"25":[6,2],"26":[0,4],"27":[4,4],"28":[0,4],"29":[2,6],"30":[6,0],"31":[4,4],"32":[4,4,2,0]},"_coverageSchema":"1a1c01bbd47fc00a2c39e90264f33305004495a9","hash":"6d6784ac9e5af4e80e73dbfb83d52c374547263b"}
[...]
lumn":55}},"37":{"start":{"line":22,"column":56},"end":{"line":22,"column":65}},"38":{"start":{"line":23,"column":24},"end":{"line":23,"column":41}},"39":{"start":{"line":23,"column":42},"end":{"line":23,"column":55}},"40":{"start":{"line":23,"column":56},"end":{"line":23,"column":65}},"41":{"start":{"line":25,"column":20},"end":{"line":25,"column":128}},"42":{"start":{"line":25,"column":110},"end":{"line":25,"column":116}},"43":{"start":{"line":25,"column":117},"end":{"line":25,"column":126}},"44":{"start":{"line":26,"column":20},"end":{"line":26,"column":106}},"45":{"start":{"line":26,"column":81},"end":{"line":26,"column":97}},"46":{"start":{"line":26,"column":98},"end":{"line":26,"column":104}},"47":{"start":{"line":27,"column":20},"end":{"line":27,"column":89}},"48":{"start":{"line":27,"column":57},"end":{"line":27,"column":72}},"49":{"start":{"line":27,"column":73},"end":{"line":27,"column":80}},"50":{"start":{"line":27,"column":81},"end":{"line":27,"column":87}},"51":{"start":{"line":28,"column":20},"end":{"line":28,"column":87}},"52":{"start":{"line":28,"column":47},"end":{"line":28,"column":62}},"53":{"start":{"line":28,"column":63},"end":{"line":28,"column":78}},"54":{"start":{"line":28,"column":79},"end":{"line":28,"column":85}},"55":{"start":{"line":29,"column":20},"end":{"line":29,"column":42}},"56":{"start":{"line":29,"column":30},"end":{"line":29,"column":42}},"57":{"start":{"line":30,"column":20},"end":{"line":30,"column":33}},"58":{"start":{"line":30,"column":34},"end":{"line":30,"column":43}},"59":{"start":{"line":32,"column":12},"end":{"line":32,"column":39}},"60":{"start":{"line":33,"column":22},"end":{"line":33,"column":34}},"61":{"start":{"line":33,"column":35},"end":{"line":33,"column":41}},"62":{"start":{"line":33,"column":54},"end":{"line":33,"column":64}},"63":{"start":{"line":34,"column":8},"end":{"line":34,"column":35}},"64":{"start":{"line":34,"column":23},"end":{"line":34,"column":35}},"65":{"start":{"line":34,"column":36},"end":{"line":34,"column":89}},"66":{"start":{"line":39,"column":16},"end":{"line":39,"column":33}},"67":{"start":{"line":40,"column":4},"end":{"line":42,"column":5}},"68":{"start":{"line":41,"column":8},"end":{"line":41,"column":77}},"69":{"start":{"line":43,"column":4},"end":{"line":43,"column":17}},"70":{"start":{"line":45,"column":13},"end":{"line":45,"column":38}},"71":{"start":{"line":46,"column":16},"end":{"line":46,"column":44}},"72":{"start":{"line":47,"column":13},"end":{"line":47,"column":37}},"73":{"start":{"line":48,"column":22},"end":{"line":48,"column":57}},"74":{"start":{"line":49,"column":21},"end":{"line":54,"column":1}},"75":{"start":{"line":55,"column":21},"end":{"line":103,"column":5}},"76":{"start":{"line":55,"column":40},"end":{"line":103,"column":3}},"77":{"start":{"line":57,"column":4},"end":{"line":102,"column":7}},"78":{"start":{"line":58,"column":8},"end":{"line":101,"column":9}},"79":{"start":{"line":60,"column":16},"end":{"line":60,"column":42}},"80":{"start":{"line":61,"column":16},"end":{"line":62,"column":149}},"81":{"start":{"line":62,"column":20},"end":{"line":62,"column":149}},"82":{"start":{"line":63,"column":16},"end":{"line":63,"column":58}},"83":{"start":{"line":64,"column":16},"end":{"line":64,"column":50}},"84":{"start":{"line":65,"column":16},"end":{"line":69,"column":30}},"85":{"start":{"line":66,"column":30},"end":{"line":66,"column":35}},"86":{"start":{"line":66,"column":45},"end":{"line":66,"column":50}},"87":{"start":{"line":67,"column":41},"end":{"line":67,"column":114}},"88":{"start":{"line":68,"column":20},"end":{"line":68,"column":72}},"89":{"start":{"line":70,"column":16},"end":{"line":70,"column":111}},"90":{"start":{"line":71,"column":16},"end":{"line":84,"column":19}},"91":{"start":{"line":72,"column":30},"end":{"line":72,"column":35}},"92":{"start":{"line":72,"column":45},"end":{"line":72,"column":50}},"93":{"start":{"line":73,"column":20},"end":{"line":81,"column":21}},"94":{"start":{"line":74,"column":24},"end":{"line":74,"column":52}},"95":{"start":{"line":76,"column":25},"end":{"line":81,"column":21}},"96":{"start":{"line":77,"column":24},"end":{"line":77,"column":49}},"97":{"start":{"line":79,"column":25},"end":{"line":81,"column":21}},"98":{"start":{"line":80,"column":24},"end":{"line":80,"column":31}},"99":{"start":{"line":82,"column":41},"end":{"line":82,"column":99}},"100":{"start":{"line":83,"column":20},"end":{"line":83,"column":85}},"101":{"start":{"line":86,"column":16},"end":{"line":86,"column":47}},"102":{"start":{"line":87,"column":16},"end":{"line":91,"column":19}},"103":{"start":{"line":92,"column":16},"end":{"line":92,"column":66}},"104":{"start":{"line":93,"column":16},"end":{"line":93,"column":65}},"105":{"start":{"line":95,"column":16},"end":{"line":95,"column":37}},"106":{"start":{"line":96,"column":16},"end":{"line":96,"column":107}},"107":{"start":{"line":98,"column":16},"end":{"line":98,"column":36}},"108":{"start":{"line":99,"column":16},"end":{"line":99,"column":144}},"109":{"start":{"line":100,"column":20},"end":{"line":100,"column":42}}},"fnMap":{"0":{"name":"(anonymous_0)","decl":{"start":{"line":1,"column":44},"end":{"line":1,"column":45}},"loc":{"start":{"line":1,"column":89},"end":{"line":9,"column":1}},"line":1},"1":{"name":"adopt","decl":{"start":{"line":2,"column":13},"end":{"line":2,"column":18}},"loc":{"start":{"line":2,"column":26},"end":{"line":2,"column":112}},"line":2},"2":{"name":"(anonymous_2)","decl":{"start":{"line":2,"column":70},"end":{"line":2,"column":71}},"loc":{"start":{"line":2,"column":89},"end":{"line":2,"column":108}},"line":2},"3":{"name":"(anonymous_3)","decl":{"start":{"line":3,"column":36},"end":{"line":3,"column":37}},"loc":{"start":{"line":3,"column":63},"end":{"line":8,"column":5}},"line":3},"4":{"name":"fulfilled","decl":{"start":{"line":4,"column":17},"end":{"line":4,"column":26}},"loc":{"start":{"line":4,"column":34},"end":{"line":4,"column":99}},"line":4},"5":{"name":"rejected","decl":{"start":{"line":5,"column":17},"end":{"line":5,"column":25}},"loc":{"start":{"line":5,"column":33},"end":{"line":5,"column":102}},"line":5},"6":{"name":"step","decl":{"start":{"line":6,"column":17},"end":{"line":6,"column":21}},"loc":{"start":{"line":6,"column":30},"end":{"line":6,"column":118}},"line":6},"7":{"name":"(anonymous_7)","decl":{"start":{"line":10,"column":48},"end":{"line":10,"column":49}},"loc":{"start":{"line":10,"column":73},"end":{"line":36,"column":1}},"line":10},"8":{"name":"(anonymous_8)","decl":{"start":{"line":11,"column":30},"end":{"line":11,"column":31}},"loc":{"start":{"line":11,"column":41},"end":{"line":11,"column":83}},"line":11},"9":{"name":"(anonymous_9)","decl":{"start":{"line":12,"column":125},"end":{"line":12,"column":126}},"loc":{"start":{"line":12,"column":136},"end":{"line":12,"column":152}},"line":12},"10":{"name":"verb","decl":{"start":{"line":13,"column":13},"end":{"line":13,"column":17}},"loc":{"start":{"line":13,"column":21},"end":{"line":13,"column":70}},"line":13},"11":{"name":"(anonymous_11)","decl":{"start":{"line":13,"column":30},"end":{"line":13,"column":31}},"loc":{"start":{"line":13,"column":43},"end":{"line":13,"column":67}},"line":13},"12":{"name":"step","decl":{"start":{"line":14,"column":13},"end":{"line":14,"column":17}},"loc":{"start":{"line":14,"column":22},"end":{"line":35,"column":5}},"line":14},"13":{"name":"getEnvVariable","decl":{"start":{"line":38,"column":9},"end":{"line":38,"column":23}},"loc":{"start":{"line":38,"column":30},"end":{"line":44,"column":1}},"line":38},"14":{"name":"(anonymous_14)","decl":{"start":{"line":55,"column":21},"end":{"line":55,"column":22}},"loc":{"start":{"line":55,"column":38},"end":{"line":103,"column":5}},"line":55},"15":{"name":"(anonymous_15)","decl":{"start":{"line":55,"column":81},"end":{"line":55,"column":82}},"loc":{"start":{"line":55,"column":93},"end":{"line":103,"column":1}},"line":55},"16":{"name":"(anonymous_16)","decl":{"start":{"line":57,"column":29},"end":{"line":57,"column":30}},"loc":{"start":{"line":57,"column":43},"end":{"line":102,"column":5}},"line":57},"17":{"name":"(anonymous_17)","decl":{"start":{"line":65,"column":57},"end":{"line":65,"column":58}},"loc":{"start":{"line":65,"column":71},"end":{"line":69,"column":17}},"line":65},"18":{"name":"(anonymous_18)","decl":{"start":{"line":71,"column":52},"end":{"line":71,"column":53}},"loc":{"start":{"line":71,"column":66},"end":{"line":84,"column":17}},"line":71}},"branchMap":{"0":{"loc":{"start":{"line":1,"column":16},"end":{"line":9,"column":1}},"type":"binary-expr","locations":[{"start":{"line":1,"column":17},"end":{"line":1,"column":21}},{"start":{"line":1,"column":25},"end":{"line":1,"column":39}},{"start":{"line":1,"column":44},"end":{"line":9,"column":1}}],"line":1},"1":{"loc":{"start":{"line":2,"column":35},"end":{"line":2,"column":109}},"type":"cond-expr","locations":[{"start":{"line":2,"column":56},"end":{"line":2,"column":61}},{"start":{"line":2,"column":64},"end":{"line":2,"column":109}}],"line":2},"2":{"loc":{"start":{"line":3,"column":16},"end":{"line":3,"column":34}},"type":"binary-expr","locations":[{"start":{"line":3,"column":16},"end":{"line":3,"column":17}},{"start":{"line":3,"column":22},"end":{"line":3,"column":33}}],"line":3},"3":{"loc":{"start":{"line":6,"column":32},"end":{"line":6,"column":115}},"type":"cond-expr","locations":[{"start":{"line":6,"column":46},"end":{"line":6,"column":67}},{"start":{"line":6,"column":70},"end":{"line":6,"column":115}}],"line":6},"4":{"loc":{"start":{"line":7,"column":51},"end":{"line":7,"column":67}},"type":"binary-expr","locations":[{"start":{"line":7,"column":51},"end":{"line":7,"column":61}},{"start":{"line":7,"column":65},"end":{"line":7,"column":67}}],"line":7},"5":{"loc":{"start":{"line":10,"column":18},"end":{"line":36,"column":1}},"type":"binary-expr","locations":[{"start":{"line":10,"column":19},"end":{"line":10,"column":23}},{"start":{"line":10,"column":27},"end":{"line":10,"column":43}},{"start":{"line":10,"column":48},"end":{"line":36,"column":1}}],"line":10},"6":{"loc":{"start":{"line":11,"column":43},"end":{"line":11,"column":68}},"type":"if","locations":[{"start":{"line":11,"column":43},"end":{"line":11,"column":68}},{"start":{},"end":{}}],"line":11},"7":{"loc":{"start":{"line":12,"column":71},"end":{"line":12,"column":153}},"type":"binary-expr","locations":[{"start":{"line":12,"column":71},"end":{"line":12,"column":99}},{"start":{"line":12,"column":104},"end":{"line":12,"column":152}}],"line":12},"8":{"loc":{"start":{"line":15,"column":8},"end":{"line":15,"column":70}},"type":"if","locations":[{"start":{"line":15,"column":8},"end":{"line":15,"column":70}},{"start":{},"end":{}}],"line":15},"9":{"loc":{"start":{"line":16,"column":15},"end":{"line":16,"column":45}},"type":"binary-expr","locations":[{"start":{"line":16,"column":15},"end":{"line":16,"column":16}},{"start":{"line":16,"column":21},"end":{"line":16,"column":44}}],"line":16},"10":{"loc":{"start":{"line":16,"column":28},"end":{"line":16,"column":44}},"type":"binary-expr","locations":[{"start":{"line":16,"column":28},"end":{"line":16,"column":33}},{"start":{"line":16,"column":38},"end":{"line":16,"column":43}}],"line":16},"11":{"loc":{"start":{"line":17,"column":12},"end":{"line":17,"column":169}},"type":"if","locations":[{"start":{"line":17,"column":12},"end":{"line":17,"column":169}},{"start":{},"end":{}}],"line":17},"12":{"loc":{"start":{"line":17,"column":23},"end":{"line":17,"column":158}},"type":"binary-expr","locations":[{"start":{"line":17,"column":23},"end":{"line":17,"column":24}},{"start":{"line":17,"column":29},"end":{"line":17,"column":125}},{"start":{"line":17,"column":130},"end":{"line":17,"column":158}}],"line":17},"13":{"loc":{"start":{"line":17,"column":33},"end":{"line":17,"column":125}},"type":"cond-expr","locations":[{"start":{"line":17,"column":45},"end":{"line":17,"column":56}},{"start":{"line":17,"column":59},"end":{"line":17,"column":125}}],"line":17},"14":{"loc":{"start":{"line":17,"column":59},"end":{"line":17,"column":125}},"type":"cond-expr","locations":[{"start":{"line":17,"column":67},"end":{"line":17,"column":116}},{"start":{"line":17,"column":119},"end":{"line":17,"column":125}}],"line":17},"15":{"loc":{"start":{"line":17,"column":67},"end":{"line":17,"column":116}},"type":"binary-expr","locations":[{"start":{"line":17,"column":67},"end":{"line":17,"column":77}},{"start":{"line":17,"column":82},"end":{"line":17,"column":115}}],"line":17},"16":{"loc":{"start":{"line":17,"column":82},"end":{"line":17,"column":112}},"type":"binary-expr","locations":[{"start":{"line":17,"column":83},"end":{"line":17,"column":98}},{"start":{"line":17,"column":103},"end":{"line":17,"column":112}}],"line":17},"17":{"loc":{"start":{"line":18,"column":12},"end":{"line":18,"column":52}},"type":"if","locations":[{"start":{"line":18,"column":12},"end":{"line":18,"column":52}},{"start":{},"end":{}}],"line":18},"18":{"loc":{"start":{"line":19,"column":12},"end":{"line":31,"column":13}},"type":"switch","locations":[{"start":{"line":20,"column":16},"end":{"line":20,"column":23}},{"start":{"line":20,"column":24},"end":{"line":20,"column":46}},{"start":{"line":21,"column":16},"end":{"line":21,"column":72}},{"start":{"line":22,"column":16},"end":{"line":22,"column":65}},{"start":{"line":23,"column":16},"end":{"line":23,"column":65}},{"start":{"line":24,"column":16},"end":{"line":30,"column":43}}],"line":19},"19":{"loc":{"start":{"line":25,"column":20},"end":{"line":25,"column":128}},"type":"if","locations":[{"start":{"line":25,"column":20},"end":{"line":25,"column":128}},{"start":{},"end":{}}],"line":25},"20":{"loc":{"start":{"line":25,"column":24},"end":{"line":25,"column":106}},"type":"binary-expr","locations":[{"start":{"line":25,"column":24},"end":{"line":25,"column":74}},{"start":{"line":25,"column":79},"end":{"line":25,"column":90}},{"start":{"line":25,"column":94},"end":{"line":25,"column":105}}],"line":25},"21":{"loc":{"start":{"line":25,"column":42},"end":{"line":25,"column":73}},"type":"binary-expr","locations":[{"start":{"line":25,"column":42},"end":{"line":25,"column":54}},{"start":{"line":25,"column":58},"end":{"line":25,"column":73}}],"line":25},"22":{"loc":{"start":{"line":26,"column":20},"end":{"line":26,"column":106}},"type":"if","locations":[{"start":{"line":26,"column":20},"end":{"line":26,"column":106}},{"start":{},"end":{}}],"line":26},"23":{"loc":{"start":{"line":26,"column":24},"end":{"line":26,"column":77}},"type":"binary-expr","locations":[{"start":{"line":26,"column":24},"end":{"line":26,"column":35}},{"start":{"line":26,"column":40},"end":{"line":26,"column":42}},{"start":{"line":26,"column":47},"end":{"line":26,"column":59}},{"start":{"line":26,"column":63},"end":{"line":26,"column":75}}],"line":26},"24":{"loc":{"start":{"line":27,"column":20},"end":{"line":27,"column":89}},"type":"if","locations":[{"start":{"line":27,"column":20},"end":{"line":27,"column":89}},{"start":{},"end":{}}],"line":27},"25":{"loc":{"start":{"line":27,"column":24},"end":{"line":27,"column":53}},"type":"binary-expr","locations":[{"start":{"line":27,"column":24},"end":{"line":27,"column":35}},{"start":{"line":27,"column":39},"end":{"line":27,"column":53}}],"line":27},"26":{"loc":{"start":{"line":28,"column":20},"end":{"line":28,"column":87}},"type":"if","locations":[{"start":{"line":28,"column":20},"end":{"line":28,"column":87}},{"start":{},"end":{}}],"line":28},"27":{"loc":{"start":{"line":28,"column":24},"end":{"line":28,"column":43}},"type":"binary-expr","locations":[{"start":{"line":28,"column":24},"end":{"line":28,"column":25}},{"start":{"line":28,"column":29},"end":{"line":28,"column":43}}],"line":28},"28":{"loc":{"start":{"line":29,"column":20},"end":{"line":29,"column":42}},"type":"if","locations":[{"start":{"line":29,"column":20},"end":{"line":29,"column":42}},{"start":{},"end":{}}],"line":29},"29":{"loc":{"start":{"line":34,"column":8},"end":{"line":34,"column":35}},"type":"if","locations":[{"start":{"line":34,"column":8},"end":{"line":34,"column":35}},{"start":{},"end":{}}],"line":34},"30":{"loc":{"start":{"line":34,"column":52},"end":{"line":34,"column":74}},"type":"cond-expr","locations":[{"start":{"line":34,"column":60},"end":{"line":34,"column":65}},{"start":{"line":34,"column":68},"end":{"line":34,"column":74}}],"line":34},"31":{"loc":{"start":{"line":40,"column":4},"end":{"line":42,"column":5}},"type":"if","locations":[{"start":{"line":40,"column":4},"end":{"line":42,"column":5}},{"start":{},"end":{}}],"line":40},"32":{"loc":{"start":{"line":58,"column":8},"end":{"line":101,"column":9}},"type":"switch","locations":[{"start":{"line":59,"column":12},"end":{"line":93,"column":65}},{"start":{"line":94,"column":12},"end":{"line":96,"column":107}},{"start":{"line":97,"column":12},"end":{"line":99,"column":144}},{"start":{"line":100,"column":12},"end":{"line":100,"column":42}}],"line":58},"33":{"loc":{"start":{"line":61,"column":16},"end":{"line":62,"column":149}},"type":"if","locations":[{"start":{"line":61,"column":16},"end":{"line":62,"column":149}},{"start":{},"end":{}}],"line":61},"34":{"loc":{"start":{"line":67,"column":41},"end":{"line":67,"column":114}},"type":"cond-expr","locations":[{"start":{"line":67,"column":84},"end":{"line":67,"column":106}},{"start":{"line":67,"column":109},"end":{"line":67,"column":114}}],"line":67},"35":{"loc":{"start":{"line":67,"column":41},"end":{"line":67,"column":81}},"type":"binary-expr","locations":[{"start":{"line":67,"column":41},"end":{"line":67,"column":66}},{"start":{"line":67,"column":70},"end":{"line":67,"column":81}}],"line":67},"36":{"loc":{"start":{"line":73,"column":20},"end":{"line":81,"column":21}},"type":"if","locations":[{"start":{"line":73,"column":20},"end":{"line":81,"column":21}},{"start":{"line":76,"column":25},"end":{"line":81,"column":21}}],"line":73},"37":{"loc":{"start":{"line":76,"column":25},"end":{"line":81,"column":21}},"type":"if","locations":[{"start":{"line":76,"column":25},"end":{"line":81,"column":21}},{"start":{"line":79,"column":25},"end":{"line":81,"column":21}}],"line":76},"38":{"loc":{"start":{"line":79,"column":25},"end":{"line":81,"column":21}},"type":"if","locations":[{"start":{"line":79,"column":25},"end":{"line":81,"column":21}},{"start":{},"end":{}}],"line":79},"39":{"loc":{"start":{"line":82,"column":41},"end":{"line":82,"column":99}},"type":"cond-expr","locations":[{"start":{"line":82,"column":69},"end":{"line":82,"column":91}},{"start":{"line":82,"column":94},"end":{"line":82,"column":99}}],"line":82}},"s":{"0":2,"1":4,"2":0,"3":6,"4":2,"5":2,"6":0,"7":2,"8":2,"9":0,"10":10,"11":6,"12":2,"13":6,"14":6,"15":2,"16":4,"17":6,"18":0,"19":18,"20":10,"21":10,"22":0,"23":10,"24":28,"25":28,"26":0,"27":28,"28":0,"29":28,"30":10,"31":10,"32":4,"33":4,"34":0,"35":0,"36":0,"37":0,"38":0,"39":0,"40":0,"41":14,"42":6,"43":6,"44":8,"45":0,"46":0,"47":8,"48":2,"49":2,"50":2,"51":6,"52":0,"53":0,"54":0,"55":6,"56":0,"57":6,"58":6,"59":12,"60":2,"61":2,"62":28,"63":6,"64":0,"65":6,"66":8,"67":8,"68":0,"69":8,"70":2,"71":2,"72":2,"73":2,"74":2,"75":2,"76":6,"77":6,"78":12,"79":6,"80":6,"81":2,"82":4,"83":4,"84":4,"85":4,"86":4,"87":4,"88":4,"89":4,"90":4,"91":6,"92":6,"93":6,"94":0,"95":6,"96":0,"97":6,"98":0,"99":6,"100":6,"101":4,"102":4,"103":4,"104":4,"105":4,"106":2,"107":2,"108":2,"109":0},"f":{"0":6,"1":4,"2":0,"3":6,"4":2,"5":2,"6":10,"7":6,"8":6,"9":0,"10":18,"11":10,"12":10,"13":8,"14":6,"15":6,"16":12,"17":4,"18":6},"b":{"0":[2,0,2],"1":[4,0],"2":[6,6],"3":[6,4],"4":[6,6],"5":[2,0,2],"6":[2,4],"7":[6,6],"8":[0,10],"9":[34,6],"10":[6,0],"11":[0,28],"12":[28,0,0],"13":[0,0],"14":[0,0],"15":[0,0],"16":[0,0],"17":[0,28],"18":[8,10,4,0,0,14],"19":[6,8],"20":[14,6,6],"21":[14,8],"22":[0,8],"23":[8,0,0,0],"24":[2,6],"25":[8,2],"26":[0,6],"27":[6,6],"28":[0,6],"29":[0,6],"30":[6,0],"31":[0,8],"32":[6,4,2,0],"33":[2,4],"34":[4,0],"35":[4,4],"36":[0,6],"37":[0,6],"38":[0,6],"39":[6,0]},"_coverageSchema":"1a1c01bbd47fc00a2c39e90264f33305004495a9","hash":"12b10dfd9193814692092920b6f24d77b93ff31f"}
}
