TN:
SF:lambda-functions\AthenaQuery.js
FN:1,(anonymous_0)
FN:2,adopt
FN:2,(anonymous_2)
FN:3,(anonymous_3)
FN:4,fulfilled
FN:5,rejected
FN:6,step
FN:10,(anonymous_7)
FN:11,(anonymous_8)
FN:12,(anonymous_9)
FN:13,verb
FN:13,(anonymous_11)
FN:14,step
FN:38,getEnvVariable
FN:48,(anonymous_14)
FN:48,(anonymous_15)
FN:50,(anonymous_16)
FNF:17
FNH:15
FNDA:4,(anonymous_0)
FNDA:4,adopt
FNDA:0,(anonymous_2)
FNDA:4,(anonymous_3)
FNDA:2,fulfilled
FNDA:2,rejected
FNDA:6,step
FNDA:4,(anonymous_7)
FNDA:6,(anonymous_8)
FNDA:0,(anonymous_9)
FNDA:12,verb
FNDA:8,(anonymous_11)
FNDA:8,step
FNDA:6,getEnvVariable
FNDA:4,(anonymous_14)
FNDA:4,(anonymous_15)
FNDA:10,(anonymous_16)
DA:1,2
DA:2,4
DA:3,4
DA:4,2
DA:5,2
DA:6,6
DA:7,4
DA:10,2
DA:11,6
DA:12,4
DA:13,12
DA:15,8
DA:16,22
DA:17,22
DA:18,22
DA:19,22
DA:20,8
DA:21,4
DA:22,0
DA:23,0
DA:25,10
DA:26,6
DA:27,6
DA:28,4
DA:29,4
DA:30,4
DA:32,10
DA:33,22
DA:34,4
DA:39,6
DA:40,6
DA:41,0
DA:43,6
DA:45,2
DA:46,2
DA:47,2
DA:48,4
DA:50,4
DA:51,10
DA:53,4
DA:54,4
DA:55,4
DA:62,4
DA:64,4
DA:65,2
DA:70,2
DA:71,2
DA:72,2
DA:73,0
LF:49
LH:45
BRDA:1,0,0,2
BRDA:1,0,1,0
BRDA:1,0,2,2
BRDA:2,1,0,4
BRDA:2,1,1,0
BRDA:3,2,0,4
BRDA:3,2,1,4
BRDA:6,3,0,2
BRDA:6,3,1,4
BRDA:7,4,0,4
BRDA:7,4,1,4
BRDA:10,5,0,2
BRDA:10,5,1,0
BRDA:10,5,2,2
BRDA:11,6,0,2
BRDA:11,6,1,4
BRDA:12,7,0,4
BRDA:12,7,1,4
BRDA:15,8,0,0
BRDA:15,8,1,8
BRDA:16,9,0,26
BRDA:16,9,1,4
BRDA:16,10,0,4
BRDA:16,10,1,0
BRDA:17,11,0,0
BRDA:17,11,1,22
BRDA:17,12,0,22
BRDA:17,12,1,0
BRDA:17,12,2,0
BRDA:17,13,0,0
BRDA:17,13,1,0
BRDA:17,14,0,0
BRDA:17,14,1,0
BRDA:17,15,0,0
BRDA:17,15,1,0
BRDA:17,16,0,0
BRDA:17,16,1,0
BRDA:18,17,0,0
BRDA:18,17,1,22
BRDA:19,18,0,6
BRDA:19,18,1,8
BRDA:19,18,2,4
BRDA:19,18,3,0
BRDA:19,18,4,0
BRDA:19,18,5,10
BRDA:25,19,0,4
BRDA:25,19,1,6
BRDA:25,20,0,10
BRDA:25,20,1,4
BRDA:25,20,2,2
BRDA:25,21,0,10
BRDA:25,21,1,6
BRDA:26,22,0,0
BRDA:26,22,1,6
BRDA:26,23,0,6
BRDA:26,23,1,0
BRDA:26,23,2,0
BRDA:26,23,3,0
BRDA:27,24,0,2
BRDA:27,24,1,4
BRDA:27,25,0,6
BRDA:27,25,1,4
BRDA:28,26,0,0
BRDA:28,26,1,4
BRDA:28,27,0,4
BRDA:28,27,1,4
BRDA:29,28,0,0
BRDA:29,28,1,4
BRDA:34,29,0,2
BRDA:34,29,1,2
BRDA:34,30,0,2
BRDA:34,30,1,0
BRDA:40,31,0,0
BRDA:40,31,1,6
BRDA:51,32,0,4
BRDA:51,32,1,4
BRDA:51,32,2,2
BRDA:51,32,3,0
BRF:78
BRH:50
end_of_record
TN:
SF:lambda-functions\AthenaQueryAll.js
FN:1,(anonymous_0)
FN:2,adopt
FN:2,(anonymous_2)
FN:3,(anonymous_3)
FN:4,fulfilled
FN:5,rejected
FN:6,step
FN:10,(anonymous_7)
FN:11,(anonymous_8)
FN:12,(anonymous_9)
FN:13,verb
FN:13,(anonymous_11)
FN:14,step
FN:38,getEnvVariable
FN:50,(anonymous_14)
FN:50,(anonymous_15)
FN:52,(anonymous_16)
FNF:17
FNH:15
FNDA:4,(anonymous_0)
FNDA:4,adopt
FNDA:4,(anonymous_2)
FNDA:4,(anonymous_3)
FNDA:4,fulfilled
FNDA:0,rejected
FNDA:4,step
FNDA:4,(anonymous_7)
FNDA:8,(anonymous_8)
FNDA:0,(anonymous_9)
FNDA:12,verb
FNDA:8,(anonymous_11)
FNDA:8,step
FNDA:8,getEnvVariable
FNDA:4,(anonymous_14)
FNDA:4,(anonymous_15)
FNDA:12,(anonymous_16)
DA:1,2
DA:2,4
DA:3,4
DA:4,4
DA:5,0
DA:6,4
DA:7,4
DA:10,2
DA:11,8
DA:12,4
DA:13,12
DA:15,8
DA:16,24
DA:17,24
DA:18,24
DA:19,24
DA:20,8
DA:21,4
DA:22,0
DA:23,0
DA:25,12
DA:26,8
DA:27,8
DA:28,4
DA:29,4
DA:30,4
DA:32,12
DA:33,24
DA:34,4
DA:39,8
DA:40,8
DA:41,0
DA:43,8
DA:45,2
DA:46,2
DA:47,2
DA:48,2
DA:49,2
DA:50,4
DA:52,4
DA:53,12
DA:55,4
DA:56,4
DA:57,4
DA:62,4
DA:64,4
DA:65,4
DA:69,4
DA:70,4
DA:71,4
DA:72,0
LF:51
LH:46
BRDA:1,0,0,2
BRDA:1,0,1,0
BRDA:1,0,2,2
BRDA:2,1,0,0
BRDA:2,1,1,4
BRDA:3,2,0,4
BRDA:3,2,1,4
BRDA:6,3,0,0
BRDA:6,3,1,4
BRDA:7,4,0,4
BRDA:7,4,1,4
BRDA:10,5,0,2
BRDA:10,5,1,0
BRDA:10,5,2,2
BRDA:11,6,0,0
BRDA:11,6,1,8
BRDA:12,7,0,4
BRDA:12,7,1,4
BRDA:15,8,0,0
BRDA:15,8,1,8
BRDA:16,9,0,28
BRDA:16,9,1,4
BRDA:16,10,0,4
BRDA:16,10,1,0
BRDA:17,11,0,0
BRDA:17,11,1,24
BRDA:17,12,0,24
BRDA:17,12,1,0
BRDA:17,12,2,0
BRDA:17,13,0,0
BRDA:17,13,1,0
BRDA:17,14,0,0
BRDA:17,14,1,0
BRDA:17,15,0,0
BRDA:17,15,1,0
BRDA:17,16,0,0
BRDA:17,16,1,0
BRDA:18,17,0,0
BRDA:18,17,1,24
BRDA:19,18,0,8
BRDA:19,18,1,8
BRDA:19,18,2,4
BRDA:19,18,3,0
BRDA:19,18,4,0
BRDA:19,18,5,12
BRDA:25,19,0,4
BRDA:25,19,1,8
BRDA:25,20,0,12
BRDA:25,20,1,4
BRDA:25,20,2,0
BRDA:25,21,0,12
BRDA:25,21,1,8
BRDA:26,22,0,0
BRDA:26,22,1,8
BRDA:26,23,0,8
BRDA:26,23,1,0
BRDA:26,23,2,0
BRDA:26,23,3,0
BRDA:27,24,0,4
BRDA:27,24,1,4
BRDA:27,25,0,8
BRDA:27,25,1,8
BRDA:28,26,0,0
BRDA:28,26,1,4
BRDA:28,27,0,4
BRDA:28,27,1,4
BRDA:29,28,0,0
BRDA:29,28,1,4
BRDA:34,29,0,4
BRDA:34,29,1,0
BRDA:34,30,0,0
BRDA:34,30,1,0
BRDA:40,31,0,0
BRDA:40,31,1,8
BRDA:53,32,0,4
BRDA:53,32,1,4
BRDA:53,32,2,4
BRDA:53,32,3,0
BRF:78
BRH:45
end_of_record
TN:
SF:lambda-functions\AwaitQueryEnds.js
FN:2,(anonymous_0)
FN:3,adopt
FN:3,(anonymous_2)
FN:4,(anonymous_3)
FN:5,fulfilled
FN:6,rejected
FN:7,step
FN:11,(anonymous_7)
FN:12,(anonymous_8)
FN:13,(anonymous_9)
FN:14,verb
FN:14,(anonymous_11)
FN:15,step
FN:39,(anonymous_13)
FN:39,(anonymous_14)
FN:41,(anonymous_15)
FN:52,(anonymous_16)
FN:52,(anonymous_17)
FN:53,(anonymous_18)
FN:53,(anonymous_19)
FN:55,(anonymous_20)
FNF:21
FNH:16
FNDA:8,(anonymous_0)
FNDA:8,adopt
FNDA:0,(anonymous_2)
FNDA:8,(anonymous_3)
FNDA:8,fulfilled
FNDA:0,rejected
FNDA:16,step
FNDA:8,(anonymous_7)
FNDA:8,(anonymous_8)
FNDA:0,(anonymous_9)
FNDA:24,verb
FNDA:16,(anonymous_11)
FNDA:16,step
FNDA:4,(anonymous_13)
FNDA:4,(anonymous_14)
FNDA:8,(anonymous_15)
FNDA:0,(anonymous_16)
FNDA:0,(anonymous_17)
FNDA:4,(anonymous_18)
FNDA:4,(anonymous_19)
FNDA:20,(anonymous_20)
DA:2,2
DA:3,8
DA:4,8
DA:5,8
DA:6,0
DA:7,16
DA:8,8
DA:11,2
DA:12,8
DA:13,8
DA:14,24
DA:16,16
DA:17,48
DA:18,48
DA:19,48
DA:20,48
DA:21,16
DA:22,8
DA:23,0
DA:24,0
DA:26,24
DA:27,16
DA:28,4
DA:29,4
DA:30,4
DA:31,4
DA:33,28
DA:34,48
DA:35,8
DA:38,2
DA:39,4
DA:41,4
DA:42,8
DA:44,4
DA:45,4
DA:47,4
DA:48,4
DA:52,2
DA:53,4
DA:55,4
DA:56,20
DA:58,4
DA:59,4
DA:60,4
DA:61,4
DA:63,8
DA:64,4
DA:66,4
DA:67,4
DA:68,0
DA:70,0
DA:71,0
DA:72,4
DA:74,4
DA:75,2
DA:81,2
DA:86,0
DA:88,0
DA:89,0
DA:90,0
DA:94,0
LF:61
LH:50
BRDA:2,0,0,2
BRDA:2,0,1,0
BRDA:2,0,2,2
BRDA:3,1,0,8
BRDA:3,1,1,0
BRDA:4,2,0,8
BRDA:4,2,1,8
BRDA:7,3,0,8
BRDA:7,3,1,8
BRDA:8,4,0,8
BRDA:8,4,1,8
BRDA:11,5,0,2
BRDA:11,5,1,0
BRDA:11,5,2,2
BRDA:12,6,0,0
BRDA:12,6,1,8
BRDA:13,7,0,8
BRDA:13,7,1,8
BRDA:16,8,0,0
BRDA:16,8,1,16
BRDA:17,9,0,56
BRDA:17,9,1,8
BRDA:17,10,0,8
BRDA:17,10,1,0
BRDA:18,11,0,0
BRDA:18,11,1,48
BRDA:18,12,0,48
BRDA:18,12,1,0
BRDA:18,12,2,0
BRDA:18,13,0,0
BRDA:18,13,1,0
BRDA:18,14,0,0
BRDA:18,14,1,0
BRDA:18,15,0,0
BRDA:18,15,1,0
BRDA:18,16,0,0
BRDA:18,16,1,0
BRDA:19,17,0,0
BRDA:19,17,1,48
BRDA:20,18,0,16
BRDA:20,18,1,16
BRDA:20,18,2,8
BRDA:20,18,3,0
BRDA:20,18,4,0
BRDA:20,18,5,24
BRDA:26,19,0,8
BRDA:26,19,1,16
BRDA:26,20,0,24
BRDA:26,20,1,8
BRDA:26,20,2,8
BRDA:26,21,0,24
BRDA:26,21,1,16
BRDA:27,22,0,12
BRDA:27,22,1,4
BRDA:27,23,0,16
BRDA:27,23,1,12
BRDA:27,23,2,12
BRDA:27,23,3,12
BRDA:28,24,0,0
BRDA:28,24,1,4
BRDA:28,25,0,4
BRDA:28,25,1,0
BRDA:29,26,0,0
BRDA:29,26,1,4
BRDA:29,27,0,4
BRDA:29,27,1,4
BRDA:30,28,0,0
BRDA:30,28,1,4
BRDA:35,29,0,0
BRDA:35,29,1,8
BRDA:35,30,0,8
BRDA:35,30,1,0
BRDA:42,31,0,4
BRDA:42,31,1,4
BRDA:56,32,0,4
BRDA:56,32,1,8
BRDA:56,32,2,4
BRDA:56,32,3,0
BRDA:56,32,4,4
BRDA:56,32,5,4
BRDA:56,32,6,0
BRDA:56,32,7,0
BRDA:63,33,0,4
BRDA:63,33,1,4
BRDA:63,34,0,8
BRDA:63,34,1,6
BRDA:67,35,0,4
BRDA:67,35,1,0
BRDA:74,36,0,2
BRDA:74,36,1,2
BRF:90
BRH:60
end_of_record
TN:
SF:lambda-functions\FetchResults.js
FN:2,(anonymous_0)
FN:3,adopt
FN:3,(anonymous_2)
FN:4,(anonymous_3)
FN:5,fulfilled
FN:6,rejected
FN:7,step
FN:11,(anonymous_7)
FN:12,(anonymous_8)
FN:13,(anonymous_9)
FN:14,verb
FN:14,(anonymous_11)
FN:15,step
FN:39,(anonymous_13)
FN:39,(anonymous_14)
FN:41,(anonymous_15)
FN:50,(anonymous_16)
FN:50,(anonymous_17)
FN:52,(anonymous_18)
FNF:19
FNH:17
FNDA:8,(anonymous_0)
FNDA:8,adopt
FNDA:0,(anonymous_2)
FNDA:8,(anonymous_3)
FNDA:4,fulfilled
FNDA:4,rejected
FNDA:14,step
FNDA:8,(anonymous_7)
FNDA:10,(anonymous_8)
FNDA:0,(anonymous_9)
FNDA:24,verb
FNDA:16,(anonymous_11)
FNDA:16,step
FNDA:4,(anonymous_13)
FNDA:4,(anonymous_14)
FNDA:8,(anonymous_15)
FNDA:4,(anonymous_16)
FNDA:4,(anonymous_17)
FNDA:10,(anonymous_18)
DA:2,2
DA:3,8
DA:4,8
DA:5,4
DA:6,4
DA:7,14
DA:8,8
DA:11,2
DA:12,10
DA:13,8
DA:14,24
DA:16,16
DA:17,38
DA:18,38
DA:19,38
DA:20,38
DA:21,16
DA:22,8
DA:23,0
DA:24,0
DA:26,14
DA:27,6
DA:28,6
DA:29,4
DA:30,4
DA:31,4
DA:33,18
DA:34,38
DA:35,8
DA:38,2
DA:39,4
DA:41,4
DA:42,8
DA:44,4
DA:45,4
DA:46,4
DA:50,4
DA:52,4
DA:53,10
DA:55,4
DA:56,4
DA:57,4
DA:59,4
DA:60,2
DA:65,2
DA:66,2
DA:67,2
DA:71,0
LF:48
LH:45
BRDA:2,0,0,2
BRDA:2,0,1,0
BRDA:2,0,2,2
BRDA:3,1,0,8
BRDA:3,1,1,0
BRDA:4,2,0,8
BRDA:4,2,1,8
BRDA:7,3,0,6
BRDA:7,3,1,8
BRDA:8,4,0,8
BRDA:8,4,1,8
BRDA:11,5,0,2
BRDA:11,5,1,0
BRDA:11,5,2,2
BRDA:12,6,0,4
BRDA:12,6,1,6
BRDA:13,7,0,8
BRDA:13,7,1,8
BRDA:16,8,0,0
BRDA:16,8,1,16
BRDA:17,9,0,46
BRDA:17,9,1,8
BRDA:17,10,0,8
BRDA:17,10,1,0
BRDA:18,11,0,0
BRDA:18,11,1,38
BRDA:18,12,0,38
BRDA:18,12,1,0
BRDA:18,12,2,0
BRDA:18,13,0,0
BRDA:18,13,1,0
BRDA:18,14,0,0
BRDA:18,14,1,0
BRDA:18,15,0,0
BRDA:18,15,1,0
BRDA:18,16,0,0
BRDA:18,16,1,0
BRDA:19,17,0,0
BRDA:19,17,1,38
BRDA:20,18,0,12
BRDA:20,18,1,16
BRDA:20,18,2,8
BRDA:20,18,3,0
BRDA:20,18,4,0
BRDA:20,18,5,14
BRDA:26,19,0,8
BRDA:26,19,1,6
BRDA:26,20,0,14
BRDA:26,20,1,8
BRDA:26,20,2,6
BRDA:26,21,0,14
BRDA:26,21,1,6
BRDA:27,22,0,0
BRDA:27,22,1,6
BRDA:27,23,0,6
BRDA:27,23,1,0
BRDA:27,23,2,0
BRDA:27,23,3,0
BRDA:28,24,0,2
BRDA:28,24,1,4
BRDA:28,25,0,6
BRDA:28,25,1,2
BRDA:29,26,0,0
BRDA:29,26,1,4
BRDA:29,27,0,4
BRDA:29,27,1,4
BRDA:30,28,0,0
BRDA:30,28,1,4
BRDA:35,29,0,2
BRDA:35,29,1,6
BRDA:35,30,0,6
BRDA:35,30,1,0
BRDA:42,31,0,4
BRDA:42,31,1,4
BRDA:53,32,0,4
BRDA:53,32,1,4
BRDA:53,32,2,2
BRDA:53,32,3,0
BRF:78
BRH:51
end_of_record
TN:
SF:lambda-functions\ParseOutput.js
FN:1,(anonymous_0)
FN:2,adopt
FN:2,(anonymous_2)
FN:3,(anonymous_3)
FN:4,fulfilled
FN:5,rejected
FN:6,step
FN:10,(anonymous_7)
FN:11,(anonymous_8)
FN:12,(anonymous_9)
FN:13,verb
FN:13,(anonymous_11)
FN:14,step
FN:37,(anonymous_13)
FN:46,(anonymous_14)
FN:46,(anonymous_15)
FN:48,(anonymous_16)
FN:58,(anonymous_17)
FN:59,(anonymous_18)
FN:61,(anonymous_19)
FNF:20
FNH:14
FNDA:8,(anonymous_0)
FNDA:0,adopt
FNDA:0,(anonymous_2)
FNDA:8,(anonymous_3)
FNDA:0,fulfilled
FNDA:0,rejected
FNDA:8,step
FNDA:8,(anonymous_7)
FNDA:0,(anonymous_8)
FNDA:0,(anonymous_9)
FNDA:24,verb
FNDA:8,(anonymous_11)
FNDA:8,step
FNDA:8,(anonymous_13)
FNDA:8,(anonymous_14)
FNDA:8,(anonymous_15)
FNDA:8,(anonymous_16)
FNDA:8,(anonymous_17)
FNDA:4,(anonymous_18)
FNDA:8,(anonymous_19)
DA:1,2
DA:2,0
DA:3,8
DA:4,0
DA:5,0
DA:6,8
DA:7,8
DA:10,2
DA:11,8
DA:12,8
DA:13,24
DA:15,8
DA:16,16
DA:17,16
DA:18,16
DA:19,16
DA:20,8
DA:21,0
DA:22,0
DA:23,0
DA:25,8
DA:26,0
DA:27,0
DA:28,0
DA:29,0
DA:30,0
DA:32,8
DA:33,16
DA:34,8
DA:37,2
DA:38,8
DA:39,4
DA:41,4
DA:42,2
DA:44,2
DA:46,8
DA:48,8
DA:49,8
DA:50,8
DA:51,8
DA:52,4
DA:57,4
DA:58,8
DA:59,4
DA:60,4
DA:61,4
DA:62,8
DA:63,8
DA:64,8
DA:66,4
DA:68,4
DA:74,0
DA:75,0
DA:80,0
LF:54
LH:40
BRDA:1,0,0,2
BRDA:1,0,1,0
BRDA:1,0,2,2
BRDA:2,1,0,0
BRDA:2,1,1,0
BRDA:3,2,0,8
BRDA:3,2,1,8
BRDA:6,3,0,8
BRDA:6,3,1,0
BRDA:7,4,0,8
BRDA:7,4,1,8
BRDA:10,5,0,2
BRDA:10,5,1,0
BRDA:10,5,2,2
BRDA:11,6,0,0
BRDA:11,6,1,0
BRDA:12,7,0,8
BRDA:12,7,1,8
BRDA:15,8,0,0
BRDA:15,8,1,8
BRDA:16,9,0,24
BRDA:16,9,1,8
BRDA:16,10,0,8
BRDA:16,10,1,0
BRDA:17,11,0,0
BRDA:17,11,1,16
BRDA:17,12,0,16
BRDA:17,12,1,0
BRDA:17,12,2,0
BRDA:17,13,0,0
BRDA:17,13,1,0
BRDA:17,14,0,0
BRDA:17,14,1,0
BRDA:17,15,0,0
BRDA:17,15,1,0
BRDA:17,16,0,0
BRDA:17,16,1,0
BRDA:18,17,0,0
BRDA:18,17,1,16
BRDA:19,18,0,8
BRDA:19,18,1,8
BRDA:19,18,2,0
BRDA:19,18,3,0
BRDA:19,18,4,0
BRDA:19,18,5,8
BRDA:25,19,0,8
BRDA:25,19,1,0
BRDA:25,20,0,8
BRDA:25,20,1,8
BRDA:25,20,2,8
BRDA:25,21,0,8
BRDA:25,21,1,0
BRDA:26,22,0,0
BRDA:26,22,1,0
BRDA:26,23,0,0
BRDA:26,23,1,0
BRDA:26,23,2,0
BRDA:26,23,3,0
BRDA:27,24,0,0
BRDA:27,24,1,0
BRDA:27,25,0,0
BRDA:27,25,1,0
BRDA:28,26,0,0
BRDA:28,26,1,0
BRDA:28,27,0,0
BRDA:28,27,1,0
BRDA:29,28,0,0
BRDA:29,28,1,0
BRDA:34,29,0,0
BRDA:34,29,1,8
BRDA:34,30,0,8
BRDA:34,30,1,0
BRDA:38,31,0,4
BRDA:38,31,1,4
BRDA:41,32,0,2
BRDA:41,32,1,2
BRDA:41,33,0,4
BRDA:41,33,1,2
BRDA:41,33,2,2
BRDA:51,34,0,4
BRDA:51,34,1,4
BRDA:58,35,0,8
BRDA:58,35,1,0
BRDA:63,36,0,8
BRDA:63,36,1,2
BRF:85
BRH:40
end_of_record
TN:
SF:lambda-functions\PrepareCreateQuery.js
FN:1,(anonymous_0)
FN:2,adopt
FN:2,(anonymous_2)
FN:3,(anonymous_3)
FN:4,fulfilled
FN:5,rejected
FN:6,step
FN:10,(anonymous_7)
FN:11,(anonymous_8)
FN:12,(anonymous_9)
FN:13,verb
FN:13,(anonymous_11)
FN:14,step
FN:38,getEnvVariable
FN:55,(anonymous_14)
FN:55,(anonymous_15)
FN:57,(anonymous_16)
FN:65,(anonymous_17)
FN:67,(anonymous_18)
FNF:19
FNH:16
FNDA:8,(anonymous_0)
FNDA:4,adopt
FNDA:0,(anonymous_2)
FNDA:8,(anonymous_3)
FNDA:4,fulfilled
FNDA:0,rejected
FNDA:12,step
FNDA:8,(anonymous_7)
FNDA:6,(anonymous_8)
FNDA:0,(anonymous_9)
FNDA:24,verb
FNDA:12,(anonymous_11)
FNDA:12,step
FNDA:8,getEnvVariable
FNDA:8,(anonymous_14)
FNDA:8,(anonymous_15)
FNDA:14,(anonymous_16)
FNDA:8,(anonymous_17)
FNDA:8,(anonymous_18)
DA:1,2
DA:2,4
DA:3,8
DA:4,4
DA:5,0
DA:6,12
DA:7,8
DA:10,2
DA:11,8
DA:12,8
DA:13,24
DA:15,12
DA:16,34
DA:17,34
DA:18,34
DA:19,34
DA:20,12
DA:21,4
DA:22,0
DA:23,0
DA:25,18
DA:26,10
DA:27,10
DA:28,8
DA:29,8
DA:30,8
DA:32,14
DA:33,34
DA:34,8
DA:39,8
DA:40,8
DA:41,0
DA:43,8
DA:45,2
DA:46,2
DA:47,2
DA:48,2
DA:49,2
DA:55,8
DA:57,8
DA:58,14
DA:60,8
DA:61,8
DA:62,2
DA:63,6
DA:64,4
DA:65,4
DA:66,8
DA:67,8
DA:68,4
DA:69,4
DA:74,4
DA:75,4
DA:77,4
DA:78,4
DA:80,2
DA:81,2
DA:82,2
DA:83,0
LF:59
LH:54
BRDA:1,0,0,2
BRDA:1,0,1,0
BRDA:1,0,2,2
BRDA:2,1,0,4
BRDA:2,1,1,0
BRDA:3,2,0,8
BRDA:3,2,1,8
BRDA:6,3,0,8
BRDA:6,3,1,4
BRDA:7,4,0,8
BRDA:7,4,1,8
BRDA:10,5,0,2
BRDA:10,5,1,0
BRDA:10,5,2,2
BRDA:11,6,0,0
BRDA:11,6,1,6
BRDA:12,7,0,8
BRDA:12,7,1,8
BRDA:15,8,0,0
BRDA:15,8,1,12
BRDA:16,9,0,42
BRDA:16,9,1,8
BRDA:16,10,0,8
BRDA:16,10,1,0
BRDA:17,11,0,0
BRDA:17,11,1,34
BRDA:17,12,0,34
BRDA:17,12,1,0
BRDA:17,12,2,0
BRDA:17,13,0,0
BRDA:17,13,1,0
BRDA:17,14,0,0
BRDA:17,14,1,0
BRDA:17,15,0,0
BRDA:17,15,1,0
BRDA:17,16,0,0
BRDA:17,16,1,0
BRDA:18,17,0,0
BRDA:18,17,1,34
BRDA:19,18,0,12
BRDA:19,18,1,12
BRDA:19,18,2,4
BRDA:19,18,3,0
BRDA:19,18,4,0
BRDA:19,18,5,18
BRDA:25,19,0,8
BRDA:25,19,1,10
BRDA:25,20,0,18
BRDA:25,20,1,8
BRDA:25,20,2,8
BRDA:25,21,0,18
BRDA:25,21,1,10
BRDA:26,22,0,0
BRDA:26,22,1,10
BRDA:26,23,0,10
BRDA:26,23,1,0
BRDA:26,23,2,0
BRDA:26,23,3,0
BRDA:27,24,0,2
BRDA:27,24,1,8
BRDA:27,25,0,10
BRDA:27,25,1,2
BRDA:28,26,0,0
BRDA:28,26,1,8
BRDA:28,27,0,8
BRDA:28,27,1,8
BRDA:29,28,0,0
BRDA:29,28,1,8
BRDA:34,29,0,0
BRDA:34,29,1,8
BRDA:34,30,0,8
BRDA:34,30,1,0
BRDA:40,31,0,0
BRDA:40,31,1,8
BRDA:58,32,0,8
BRDA:58,32,1,4
BRDA:58,32,2,2
BRDA:58,32,3,0
BRDA:61,33,0,2
BRDA:61,33,1,6
BRDA:66,34,0,8
BRDA:66,34,1,0
BRF:82
BRH:51
end_of_record
TN:
SF:lambda-functions\PrepareDeleteQuery.js
FN:1,(anonymous_0)
FN:2,adopt
FN:2,(anonymous_2)
FN:3,(anonymous_3)
FN:4,fulfilled
FN:5,rejected
FN:6,step
FN:10,(anonymous_7)
FN:11,(anonymous_8)
FN:12,(anonymous_9)
FN:13,verb
FN:13,(anonymous_11)
FN:14,step
FN:38,getEnvVariable
FN:56,(anonymous_14)
FN:56,(anonymous_15)
FN:58,(anonymous_16)
FN:64,(anonymous_17)
FNF:18
FNH:16
FNDA:6,(anonymous_0)
FNDA:6,adopt
FNDA:0,(anonymous_2)
FNDA:6,(anonymous_3)
FNDA:4,fulfilled
FNDA:2,rejected
FNDA:12,step
FNDA:6,(anonymous_7)
FNDA:8,(anonymous_8)
FNDA:0,(anonymous_9)
FNDA:18,verb
FNDA:12,(anonymous_11)
FNDA:12,step
FNDA:8,getEnvVariable
FNDA:6,(anonymous_14)
FNDA:6,(anonymous_15)
FNDA:14,(anonymous_16)
FNDA:10,(anonymous_17)
DA:1,2
DA:2,6
DA:3,6
DA:4,4
DA:5,2
DA:6,12
DA:7,6
DA:10,2
DA:11,8
DA:12,6
DA:13,18
DA:15,12
DA:16,32
DA:17,32
DA:18,32
DA:19,32
DA:20,12
DA:21,6
DA:22,0
DA:23,0
DA:25,14
DA:26,8
DA:27,8
DA:28,6
DA:29,6
DA:30,6
DA:32,14
DA:33,32
DA:34,6
DA:39,8
DA:40,8
DA:41,0
DA:43,8
DA:45,2
DA:46,2
DA:47,2
DA:48,2
DA:49,2
DA:56,6
DA:58,6
DA:59,14
DA:61,6
DA:62,6
DA:63,6
DA:64,6
DA:65,10
DA:66,10
DA:67,0
DA:69,10
DA:70,0
DA:72,10
DA:73,0
DA:75,10
DA:76,10
DA:79,6
DA:80,6
DA:85,6
DA:86,6
DA:88,6
DA:89,4
DA:91,2
DA:92,2
DA:93,0
LF:63
LH:56
BRDA:1,0,0,2
BRDA:1,0,1,0
BRDA:1,0,2,2
BRDA:2,1,0,6
BRDA:2,1,1,0
BRDA:3,2,0,6
BRDA:3,2,1,6
BRDA:6,3,0,6
BRDA:6,3,1,6
BRDA:7,4,0,6
BRDA:7,4,1,6
BRDA:10,5,0,2
BRDA:10,5,1,0
BRDA:10,5,2,2
BRDA:11,6,0,2
BRDA:11,6,1,6
BRDA:12,7,0,6
BRDA:12,7,1,6
BRDA:15,8,0,0
BRDA:15,8,1,12
BRDA:16,9,0,38
BRDA:16,9,1,6
BRDA:16,10,0,6
BRDA:16,10,1,0
BRDA:17,11,0,0
BRDA:17,11,1,32
BRDA:17,12,0,32
BRDA:17,12,1,0
BRDA:17,12,2,0
BRDA:17,13,0,0
BRDA:17,13,1,0
BRDA:17,14,0,0
BRDA:17,14,1,0
BRDA:17,15,0,0
BRDA:17,15,1,0
BRDA:17,16,0,0
BRDA:17,16,1,0
BRDA:18,17,0,0
BRDA:18,17,1,32
BRDA:19,18,0,10
BRDA:19,18,1,12
BRDA:19,18,2,6
BRDA:19,18,3,0
BRDA:19,18,4,0
BRDA:19,18,5,14
BRDA:25,19,0,6
BRDA:25,19,1,8
BRDA:25,20,0,14
BRDA:25,20,1,6
BRDA:25,20,2,6
BRDA:25,21,0,14
BRDA:25,21,1,8
BRDA:26,22,0,0
BRDA:26,22,1,8
BRDA:26,23,0,8
BRDA:26,23,1,0
BRDA:26,23,2,0
BRDA:26,23,3,0
BRDA:27,24,0,2
BRDA:27,24,1,6
BRDA:27,25,0,8
BRDA:27,25,1,2
BRDA:28,26,0,0
BRDA:28,26,1,6
BRDA:28,27,0,6
BRDA:28,27,1,6
BRDA:29,28,0,0
BRDA:29,28,1,6
BRDA:34,29,0,0
BRDA:34,29,1,6
BRDA:34,30,0,6
BRDA:34,30,1,0
BRDA:40,31,0,0
BRDA:40,31,1,8
BRDA:59,32,0,6
BRDA:59,32,1,6
BRDA:59,32,2,2
BRDA:59,32,3,0
BRDA:66,33,0,0
BRDA:66,33,1,10
BRDA:69,34,0,0
BRDA:69,34,1,10
BRDA:72,35,0,0
BRDA:72,35,1,10
BRDA:75,36,0,10
BRDA:75,36,1,0
BRF:86
BRH:53
end_of_record
TN:
SF:lambda-functions\PrepareSearchQuery.js
FN:1,(anonymous_0)
FN:2,adopt
FN:2,(anonymous_2)
FN:3,(anonymous_3)
FN:4,fulfilled
FN:5,rejected
FN:6,step
FN:10,(anonymous_7)
FN:11,(anonymous_8)
FN:12,(anonymous_9)
FN:13,verb
FN:13,(anonymous_11)
FN:14,step
FN:38,getEnvVariable
FN:55,(anonymous_14)
FN:55,(anonymous_15)
FN:57,(anonymous_16)
FN:63,(anonymous_17)
FNF:18
FNH:16
FNDA:4,(anonymous_0)
FNDA:4,adopt
FNDA:0,(anonymous_2)
FNDA:4,(anonymous_3)
FNDA:2,fulfilled
FNDA:2,rejected
FNDA:8,step
FNDA:4,(anonymous_7)
FNDA:6,(anonymous_8)
FNDA:0,(anonymous_9)
FNDA:12,verb
FNDA:8,(anonymous_11)
FNDA:8,step
FNDA:8,getEnvVariable
FNDA:4,(anonymous_14)
FNDA:4,(anonymous_15)
FNDA:10,(anonymous_16)
FNDA:6,(anonymous_17)
DA:1,2
DA:2,4
DA:3,4
DA:4,2
DA:5,2
DA:6,8
DA:7,4
DA:10,2
DA:11,6
DA:12,4
DA:13,12
DA:15,8
DA:16,22
DA:17,22
DA:18,22
DA:19,22
DA:20,8
DA:21,4
DA:22,0
DA:23,0
DA:25,10
DA:26,6
DA:27,6
DA:28,4
DA:29,4
DA:30,4
DA:32,10
DA:33,22
DA:34,4
DA:39,8
DA:40,8
DA:41,0
DA:43,8
DA:45,2
DA:46,2
DA:47,2
DA:48,2
DA:49,2
DA:55,4
DA:57,4
DA:58,10
DA:60,4
DA:61,4
DA:62,4
DA:63,4
DA:64,6
DA:66,6
DA:67,0
DA:69,6
DA:70,0
DA:72,6
DA:73,0
DA:75,6
DA:76,6
DA:78,4
DA:83,4
DA:84,4
DA:86,4
DA:87,2
DA:89,2
DA:90,2
DA:91,2
DA:92,0
LF:63
LH:56
BRDA:1,0,0,2
BRDA:1,0,1,0
BRDA:1,0,2,2
BRDA:2,1,0,4
BRDA:2,1,1,0
BRDA:3,2,0,4
BRDA:3,2,1,4
BRDA:6,3,0,4
BRDA:6,3,1,4
BRDA:7,4,0,4
BRDA:7,4,1,4
BRDA:10,5,0,2
BRDA:10,5,1,0
BRDA:10,5,2,2
BRDA:11,6,0,2
BRDA:11,6,1,4
BRDA:12,7,0,4
BRDA:12,7,1,4
BRDA:15,8,0,0
BRDA:15,8,1,8
BRDA:16,9,0,26
BRDA:16,9,1,4
BRDA:16,10,0,4
BRDA:16,10,1,0
BRDA:17,11,0,0
BRDA:17,11,1,22
BRDA:17,12,0,22
BRDA:17,12,1,0
BRDA:17,12,2,0
BRDA:17,13,0,0
BRDA:17,13,1,0
BRDA:17,14,0,0
BRDA:17,14,1,0
BRDA:17,15,0,0
BRDA:17,15,1,0
BRDA:17,16,0,0
BRDA:17,16,1,0
BRDA:18,17,0,0
BRDA:18,17,1,22
BRDA:19,18,0,6
BRDA:19,18,1,8
BRDA:19,18,2,4
BRDA:19,18,3,0
BRDA:19,18,4,0
BRDA:19,18,5,10
BRDA:25,19,0,4
BRDA:25,19,1,6
BRDA:25,20,0,10
BRDA:25,20,1,4
BRDA:25,20,2,4
BRDA:25,21,0,10
BRDA:25,21,1,6
BRDA:26,22,0,0
BRDA:26,22,1,6
BRDA:26,23,0,6
BRDA:26,23,1,0
BRDA:26,23,2,0
BRDA:26,23,3,0
BRDA:27,24,0,2
BRDA:27,24,1,4
BRDA:27,25,0,6
BRDA:27,25,1,2
BRDA:28,26,0,0
BRDA:28,26,1,4
BRDA:28,27,0,4
BRDA:28,27,1,4
BRDA:29,28,0,0
BRDA:29,28,1,4
BRDA:34,29,0,0
BRDA:34,29,1,4
BRDA:34,30,0,4
BRDA:34,30,1,0
BRDA:40,31,0,0
BRDA:40,31,1,8
BRDA:58,32,0,4
BRDA:58,32,1,4
BRDA:58,32,2,2
BRDA:58,32,3,0
BRDA:61,33,0,4
BRDA:61,33,1,0
BRDA:66,34,0,0
BRDA:66,34,1,6
BRDA:69,35,0,0
BRDA:69,35,1,6
BRDA:72,36,0,0
BRDA:72,36,1,6
BRDA:75,37,0,6
BRDA:75,37,1,0
BRF:88
BRH:54
end_of_record
TN:
SF:lambda-functions\PrepareUpdateQuery.js
FN:1,(anonymous_0)
FN:2,adopt
FN:2,(anonymous_2)
FN:3,(anonymous_3)
FN:4,fulfilled
FN:5,rejected
FN:6,step
FN:10,(anonymous_7)
FN:11,(anonymous_8)
FN:12,(anonymous_9)
FN:13,verb
FN:13,(anonymous_11)
FN:14,step
FN:38,getEnvVariable
FN:55,(anonymous_14)
FN:55,(anonymous_15)
FN:57,(anonymous_16)
FN:65,(anonymous_17)
FN:71,(anonymous_18)
FNF:19
FNH:17
FNDA:6,(anonymous_0)
FNDA:4,adopt
FNDA:0,(anonymous_2)
FNDA:6,(anonymous_3)
FNDA:2,fulfilled
FNDA:2,rejected
FNDA:10,step
FNDA:6,(anonymous_7)
FNDA:6,(anonymous_8)
FNDA:0,(anonymous_9)
FNDA:18,verb
FNDA:10,(anonymous_11)
FNDA:10,step
FNDA:8,getEnvVariable
FNDA:6,(anonymous_14)
FNDA:6,(anonymous_15)
FNDA:12,(anonymous_16)
FNDA:4,(anonymous_17)
FNDA:6,(anonymous_18)
DA:1,2
DA:2,4
DA:3,6
DA:4,2
DA:5,2
DA:6,10
DA:7,6
DA:10,2
DA:11,6
DA:12,6
DA:13,18
DA:15,10
DA:16,28
DA:17,28
DA:18,28
DA:19,28
DA:20,10
DA:21,4
DA:22,0
DA:23,0
DA:25,14
DA:26,8
DA:27,8
DA:28,6
DA:29,6
DA:30,6
DA:32,12
DA:33,28
DA:34,6
DA:39,8
DA:40,8
DA:41,0
DA:43,8
DA:45,2
DA:46,2
DA:47,2
DA:48,2
DA:49,2
DA:55,6
DA:57,6
DA:58,12
DA:60,6
DA:61,6
DA:62,2
DA:63,4
DA:64,4
DA:65,4
DA:66,4
DA:67,4
DA:68,4
DA:70,4
DA:71,4
DA:72,6
DA:73,6
DA:74,0
DA:76,6
DA:77,0
DA:79,6
DA:80,0
DA:82,6
DA:83,6
DA:86,4
DA:87,4
DA:92,4
DA:93,4
DA:95,4
DA:96,2
DA:98,2
DA:99,2
DA:100,0
LF:70
LH:63
BRDA:1,0,0,2
BRDA:1,0,1,0
BRDA:1,0,2,2
BRDA:2,1,0,4
BRDA:2,1,1,0
BRDA:3,2,0,6
BRDA:3,2,1,6
BRDA:6,3,0,6
BRDA:6,3,1,4
BRDA:7,4,0,6
BRDA:7,4,1,6
BRDA:10,5,0,2
BRDA:10,5,1,0
BRDA:10,5,2,2
BRDA:11,6,0,2
BRDA:11,6,1,4
BRDA:12,7,0,6
BRDA:12,7,1,6
BRDA:15,8,0,0
BRDA:15,8,1,10
BRDA:16,9,0,34
BRDA:16,9,1,6
BRDA:16,10,0,6
BRDA:16,10,1,0
BRDA:17,11,0,0
BRDA:17,11,1,28
BRDA:17,12,0,28
BRDA:17,12,1,0
BRDA:17,12,2,0
BRDA:17,13,0,0
BRDA:17,13,1,0
BRDA:17,14,0,0
BRDA:17,14,1,0
BRDA:17,15,0,0
BRDA:17,15,1,0
BRDA:17,16,0,0
BRDA:17,16,1,0
BRDA:18,17,0,0
BRDA:18,17,1,28
BRDA:19,18,0,8
BRDA:19,18,1,10
BRDA:19,18,2,4
BRDA:19,18,3,0
BRDA:19,18,4,0
BRDA:19,18,5,14
BRDA:25,19,0,6
BRDA:25,19,1,8
BRDA:25,20,0,14
BRDA:25,20,1,6
BRDA:25,20,2,6
BRDA:25,21,0,14
BRDA:25,21,1,8
BRDA:26,22,0,0
BRDA:26,22,1,8
BRDA:26,23,0,8
BRDA:26,23,1,0
BRDA:26,23,2,0
BRDA:26,23,3,0
BRDA:27,24,0,2
BRDA:27,24,1,6
BRDA:27,25,0,8
BRDA:27,25,1,2
BRDA:28,26,0,0
BRDA:28,26,1,6
BRDA:28,27,0,6
BRDA:28,27,1,6
BRDA:29,28,0,0
BRDA:29,28,1,6
BRDA:34,29,0,0
BRDA:34,29,1,6
BRDA:34,30,0,6
BRDA:34,30,1,0
BRDA:40,31,0,0
BRDA:40,31,1,8
BRDA:58,32,0,6
BRDA:58,32,1,4
BRDA:58,32,2,2
BRDA:58,32,3,0
BRDA:61,33,0,2
BRDA:61,33,1,4
BRDA:67,34,0,4
BRDA:67,34,1,0
BRDA:67,35,0,4
BRDA:67,35,1,4
BRDA:73,36,0,0
BRDA:73,36,1,6
BRDA:76,37,0,0
BRDA:76,37,1,6
BRDA:79,38,0,0
BRDA:79,38,1,6
BRDA:82,39,0,6
BRDA:82,39,1,0
BRF:92
BRH:58
end_of_record
